<?xml version="1.0" encoding="UTF-8"?>
<!-- Generated by org.testng.reporters.JUnitReportReporter -->
<testsuite hostname="truyenltpc" failures="0" tests="1" name="testCaseVBBanHanh.TC05_LapPhieuGiaiQuyetVBDaPhatHanh" time="79.707" errors="0" timestamp="2021-08-12T22:13:19 ICT" skipped="0">
  <testcase classname="testCaseVBBanHanh.TC05_LapPhieuGiaiQuyetVBDaPhatHanh" name="LapPhieuGiaiQuyetVBDaPhatHanh" time="79.707"/>
  <system-out/>
</testsuite> <!-- testCaseVBBanHanh.TC05_LapPhieuGiaiQuyetVBDaPhatHanh -->
