<?xml version="1.0" encoding="UTF-8"?>
<!-- Generated by org.testng.reporters.JUnitReportReporter -->
<testsuite hostname="truyenltpc" failures="0" tests="1" name="testCaseNVXuLyVanBanDen.TC20_Tp_NVHoanTatTask" time="214.085" errors="0" timestamp="2021-06-05T22:28:31 ICT" skipped="0">
  <testcase classname="testCaseNVXuLyVanBanDen.TC20_Tp_NVHoanTatTask" name="NVKetThucTask" time="214.085"/>
  <system-out/>
</testsuite> <!-- testCaseNVXuLyVanBanDen.TC20_Tp_NVHoanTatTask -->
