<?xml version="1.0" encoding="UTF-8"?>
<!-- Generated by org.testng.reporters.JUnitReportReporter -->
<testsuite hostname="LAPTOPSSD18" failures="0" tests="1" name="testCaseTGDXuLyVanBanDen.TC04_TGD_PhanCongThucHien" time="164.663" errors="0" timestamp="2022-06-28T17:01:45 ICT" skipped="0">
  <testcase classname="testCaseTGDXuLyVanBanDen.TC04_TGD_PhanCongThucHien" name="TGDPhanCongThucHien" time="164.663"/>
  <system-out/>
</testsuite> <!-- testCaseTGDXuLyVanBanDen.TC04_TGD_PhanCongThucHien -->
