<?xml version="1.0" encoding="UTF-8"?>
<!-- Generated by org.testng.reporters.JUnitReportReporter -->
<testsuite hostname="truyenltpc" failures="0" tests="1" name="testCaseTPXuLyVanBanDen.TC15_Tp_CapNhatTask" time="139.058" errors="0" timestamp="2021-06-21T19:06:31 ICT" skipped="0">
  <testcase classname="testCaseTPXuLyVanBanDen.TC15_Tp_CapNhatTask" name="TPCapNhatTask" time="139.058"/>
  <system-out/>
</testsuite> <!-- testCaseTPXuLyVanBanDen.TC15_Tp_CapNhatTask -->
