<?xml version="1.0" encoding="UTF-8"?>
<!-- Generated by org.testng.reporters.JUnitReportReporter -->
<testsuite hostname="truyenltpc" failures="0" tests="1" name="testCaseNVXuLyVanBanDen.TC01_NV_NVCapNhatTask" time="377.115" errors="0" timestamp="2021-08-11T16:50:07 ICT" skipped="0">
  <testcase classname="testCaseNVXuLyVanBanDen.TC01_NV_NVCapNhatTask" name="NVCapNhatTask" time="377.115"/>
  <system-out>
https://daotaoeoffice.petrolimex.com.vn/plxtkdg/vanban/SitePages/VanBanDen/VanBanDenEdit.aspx?IDVB=5475  </system-out>
</testsuite> <!-- testCaseNVXuLyVanBanDen.TC01_NV_NVCapNhatTask -->
