<?xml version="1.0" encoding="UTF-8"?>
<!-- Generated by org.testng.reporters.JUnitReportReporter -->
<testsuite hostname="truyenltpc" failures="0" tests="1" name="testCaseVBDen.TC02VBDangLuuCoDinhKem" time="136.978" errors="0" timestamp="2021-04-16T18:22:13 ICT" skipped="0">
  <testcase classname="testCaseVBDen.TC02VBDangLuuCoDinhKem" name="VBDangLuuCoDinhKem" time="136.978"/>
  <system-out/>
</testsuite> <!-- testCaseVBDen.TC02VBDangLuuCoDinhKem -->
