<?xml version="1.0" encoding="UTF-8"?>
<!-- Generated by org.testng.reporters.JUnitReportReporter -->
<testsuite hostname="truyenltpc" failures="0" tests="1" name="testCaseNVXuLyVanBanDen.TC22_NV_NVLapHoSoXuLy" time="150.635" errors="0" timestamp="2021-06-20T00:21:43 ICT" skipped="0">
  <testcase classname="testCaseNVXuLyVanBanDen.TC22_NV_NVLapHoSoXuLy" name="NVKetThucTask" time="150.635"/>
  <system-out/>
</testsuite> <!-- testCaseNVXuLyVanBanDen.TC22_NV_NVLapHoSoXuLy -->
