<?xml version="1.0" encoding="UTF-8"?>
<!-- Generated by org.testng.reporters.JUnitReportReporter -->
<testsuite hostname="truyenltpc" failures="0" tests="1" name="testCaseVBDen.TC03VBDangLuuKiemTraDanhSach" time="133.326" errors="0" timestamp="2021-03-04T15:15:30 ICT" skipped="0">
  <testcase classname="testCaseVBDen.TC03VBDangLuuKiemTraDanhSach" name="VBDangLuuKiemTraDanhSach" time="133.326"/>
  <system-out/>
</testsuite> <!-- testCaseVBDen.TC03VBDangLuuKiemTraDanhSach -->
