<?xml version="1.0" encoding="UTF-8"?>
<!-- Generated by org.testng.reporters.JUnitReportReporter -->
<testsuite hostname="truyenltpc" failures="0" tests="1" name="testCaseVBBanHanh.TC01_ThemMoiVaLuu" time="33.030" errors="0" timestamp="2021-08-05T13:12:56 ICT" skipped="0">
  <testcase classname="testCaseVBBanHanh.TC01_ThemMoiVaLuu" name="ThemMoiVaLuu" time="33.030"/>
  <system-out/>
</testsuite> <!-- testCaseVBBanHanh.TC01_ThemMoiVaLuu -->
