<?xml version="1.0" encoding="UTF-8"?>
<!-- Generated by org.testng.reporters.JUnitReportReporter -->
<testsuite hostname="truyenltpc" failures="0" tests="1" name="testFunction.TC01_TaoHopDongCoFileLoi" time="141.697" errors="0" timestamp="2021-08-11T10:12:53 ICT" skipped="0">
  <testcase classname="testFunction.TC01_TaoHopDongCoFileLoi" name="TaoHopDongCoFileLoi" time="141.697"/>
  <system-out>
https://daotaoeoffice.petrolimex.com.vn/plxtkdg/vanban/SitePages/VanBanDi_Detail.aspx?IId=892&SPId=779&ListID=9710b5f7-0241-4714-8041-0f596f9ae605  </system-out>
</testsuite> <!-- testFunction.TC01_TaoHopDongCoFileLoi -->
