<?xml version="1.0" encoding="UTF-8"?>
<!-- Generated by org.testng.reporters.JUnitReportReporter -->
<testsuite hostname="truyenltpc" failures="0" tests="1" name="TestCase.TC02SendToDirector" time="56.090" errors="0" timestamp="2021-02-21T17:49:51 ICT" skipped="0">
  <testcase classname="TestCase.TC02SendToDirector" name="SendToLineManager" time="56.090"/>
  <system-out/>
</testsuite> <!-- TestCase.TC02SendToDirector -->
