<?xml version="1.0" encoding="UTF-8"?>
<!-- Generated by org.testng.reporters.JUnitReportReporter -->
<testsuite hostname="truyenltpc" failures="0" tests="1" name="testCaseTPXuLyVanBanDen.TC02_Tp_KetThucTask" time="167.757" errors="0" timestamp="2021-08-11T16:30:07 ICT" skipped="0">
  <testcase classname="testCaseTPXuLyVanBanDen.TC02_Tp_KetThucTask" name="TPKetThucTask" time="167.757"/>
  <system-out>
https://daotaoeoffice.petrolimex.com.vn/plxtkdg/vanban/SitePages/VanBanDen/VanBanDenEdit.aspx?IDVB=5472&Source=%2fplxtkdg%2fvanban%2fsitepages%2fvanbanden%2fdanggiaiquyet.aspx  </system-out>
</testsuite> <!-- testCaseTPXuLyVanBanDen.TC02_Tp_KetThucTask -->
