<?xml version="1.0" encoding="UTF-8"?>
<!-- Generated by org.testng.reporters.JUnitReportReporter -->
<testsuite hostname="truyenltpc" failures="0" tests="1" name="TestCase.TC12UploadFileFromDocumentSet" time="131.410" errors="0" timestamp="2021-03-03T13:29:44 ICT" skipped="0">
  <testcase classname="TestCase.TC12UploadFileFromDocumentSet" name="UploadFileFromDocumentSet" time="131.410"/>
  <system-out/>
</testsuite> <!-- TestCase.TC12UploadFileFromDocumentSet -->
