<?xml version="1.0" encoding="UTF-8"?>
<!-- Generated by org.testng.reporters.JUnitReportReporter -->
<testsuite hostname="truyenltpc" failures="0" tests="1" name="testCaseTPXuLyVanBanDen.TC17_Tp_LapHoSoDuThao" time="97.248" errors="0" timestamp="2021-06-20T00:21:43 ICT" skipped="0">
  <testcase classname="testCaseTPXuLyVanBanDen.TC17_Tp_LapHoSoDuThao" name="TpLapHoSoDuThao" time="97.248"/>
  <system-out/>
</testsuite> <!-- testCaseTPXuLyVanBanDen.TC17_Tp_LapHoSoDuThao -->
