<?xml version="1.0" encoding="UTF-8"?>
<!-- Generated by org.testng.reporters.JUnitReportReporter -->
<testsuite hostname="truyenltpc" failures="0" tests="1" name="testCaseTPXuLyVanBanDen.TC18_Tp_LapHoSoXuLy" time="133.262" errors="0" timestamp="2021-06-20T00:21:43 ICT" skipped="0">
  <testcase classname="testCaseTPXuLyVanBanDen.TC18_Tp_LapHoSoXuLy" name="TpLapHoSoDuThao" time="133.262"/>
  <system-out/>
</testsuite> <!-- testCaseTPXuLyVanBanDen.TC18_Tp_LapHoSoXuLy -->
