<?xml version="1.0" encoding="UTF-8"?>
<!-- Generated by org.testng.reporters.JUnitReportReporter -->
<testsuite hostname="truyenltpc" failures="0" tests="1" name="testCaseVBDen.TestVanBanDen" time="16.443" errors="0" timestamp="2021-05-30T20:25:40 ICT" skipped="0">
  <testcase classname="testCaseVBDen.TestVanBanDen" name="VBDangLuuKhongDinhKem" time="16.443"/>
  <system-out/>
</testsuite> <!-- testCaseVBDen.TestVanBanDen -->
