<?xml version="1.0" encoding="UTF-8"?>
<!-- Generated by org.testng.reporters.JUnitReportReporter -->
<testsuite hostname="LAPTOPSSD18" failures="0" tests="1" name="testCaseTPXuLyVanBanDen.TC04_Tp_LapHoSoXuLy" time="65.384" errors="0" timestamp="2022-06-28T17:57:27 ICT" skipped="0">
  <testcase classname="testCaseTPXuLyVanBanDen.TC04_Tp_LapHoSoXuLy" name="LapHoSoXuLy" time="65.384"/>
  <system-out>
    <![CDATA[https://daotaoeoffice.petrolimex.com.vn/plxkv1/vanban/HoSoXuLy/Forms/DocumentsSet.aspx?ID=142&List=27de2610-3bb6-41d7-9805-1170abf6c429&RootFolder=/plxkv1/vanban/HoSoXuLy/HSXL-VBD-280622175314-41552]]>
  </system-out>
</testsuite> <!-- testCaseTPXuLyVanBanDen.TC04_Tp_LapHoSoXuLy -->
