<?xml version="1.0" encoding="UTF-8"?>
<!-- Generated by org.testng.reporters.JUnitReportReporter -->
<testsuite hostname="LAPTOP-DGDCJGPO" failures="0" tests="1" name="testCaseVBKySo.TC14_KyThuaLenh_NguoiSoanKhongCoWorkerName" time="85.533" errors="0" timestamp="2021-10-30T18:35:23 ICT" skipped="0">
  <testcase classname="testCaseVBKySo.TC14_KyThuaLenh_NguoiSoanKhongCoWorkerName" name="KyThuaLenh_NguoiSoanCoWorkerName" time="85.533"/>
  <system-out>
    <![CDATA[http://eoffice.petrolimex.com.vn/plxhlc/vanban/SitePages/Workflow_XuLyQuyTrinhV2_Document.aspx?IID=5020&source=http://eoffice.petrolimex.com.vn/plxhlc/vanban/default.aspx?page=1]]>
  </system-out>
</testsuite> <!-- testCaseVBKySo.TC14_KyThuaLenh_NguoiSoanKhongCoWorkerName -->
