<?xml version="1.0" encoding="UTF-8"?>
<!-- Generated by org.testng.reporters.JUnitReportReporter -->
<testsuite hostname="LAPTOP-DGDCJGPO" failures="0" tests="1" name="testCaseVBKySo.TC13_KyThuaLenh_NguoiSoanCoWorkerName" time="93.055" errors="0" timestamp="2021-10-30T18:41:36 ICT" skipped="0">
  <testcase classname="testCaseVBKySo.TC13_KyThuaLenh_NguoiSoanCoWorkerName" name="KyThuaLenh_NguoiSoanCoWorkerName" time="93.055"/>
  <system-out>
    <![CDATA[http://eoffice.petrolimex.com.vn/plxhlc/vanban/SitePages/Workflow_XuLyQuyTrinhV2_Document.aspx?IID=5022&source=http://eoffice.petrolimex.com.vn/plxhlc/vanban/default.aspx?page=1]]>
  </system-out>
</testsuite> <!-- testCaseVBKySo.TC13_KyThuaLenh_NguoiSoanCoWorkerName -->
