<?xml version="1.0" encoding="UTF-8"?>
<!-- Generated by org.testng.reporters.JUnitReportReporter -->
<testsuite hostname="truyenltpc" failures="0" tests="1" name="TestCase.TC02_SendToDirector" time="52.937" errors="0" timestamp="2021-02-20T16:59:16 ICT" skipped="0">
  <testcase classname="TestCase.TC02_SendToDirector" name="SendToLineManager" time="52.937"/>
  <system-out/>
</testsuite> <!-- TestCase.TC02_SendToDirector -->
