<?xml version="1.0" encoding="UTF-8"?>
<!-- Generated by org.testng.reporters.JUnitReportReporter -->
<testsuite hostname="truyenltpc" failures="0" tests="1" name="testFunction.TC06_KiemTraSoLuongTaskVaBoldTask" time="24.328" errors="0" timestamp="2021-08-13T14:46:42 ICT" skipped="0">
  <testcase classname="testFunction.TC06_KiemTraSoLuongTaskVaBoldTask" name="TGDChiaSeVB" time="24.328"/>
  <system-out/>
</testsuite> <!-- testFunction.TC06_KiemTraSoLuongTaskVaBoldTask -->
