<?xml version="1.0" encoding="UTF-8"?>
<!-- Generated by org.testng.reporters.JUnitReportReporter -->
<testsuite hostname="truyenltpc" failures="0" tests="1" name="TestCase.TC03_Test" time="41.120" errors="0" timestamp="2021-02-21T07:51:33 ICT" skipped="0">
  <testcase classname="TestCase.TC03_Test" name="SendToLineManager" time="41.120"/>
  <system-out/>
</testsuite> <!-- TestCase.TC03_Test -->
