<?xml version="1.0" encoding="UTF-8"?>
<!-- Generated by org.testng.reporters.JUnitReportReporter -->
<testsuite hostname="truyenltpc" failures="0" tests="1" name="testCaseVBKySo.TC22_LuongKySoTruongPhongTrinhTGD" time="189.670" errors="0" timestamp="2021-08-21T22:10:41 ICT" skipped="0">
  <testcase classname="testCaseVBKySo.TC22_LuongKySoTruongPhongTrinhTGD" name="LuongKySoTruongPhongTrinhTGD" time="189.670"/>
  <system-out/>
</testsuite> <!-- testCaseVBKySo.TC22_LuongKySoTruongPhongTrinhTGD -->
