<?xml version="1.0" encoding="UTF-8"?>
<!-- Generated by org.testng.reporters.JUnitReportReporter -->
<testsuite hostname="truyenltpc" failures="0" tests="1" name="testCaseTPXuLyVanBanDen.TC01_Tp_CapNhatTask" time="101.342" errors="0" timestamp="2021-08-11T16:30:07 ICT" skipped="0">
  <testcase classname="testCaseTPXuLyVanBanDen.TC01_Tp_CapNhatTask" name="TPCapNhatTask" time="101.342"/>
  <system-out>
https://daotaoeoffice.petrolimex.com.vn/plxtkdg/vanban/SitePages/VanBanDen/VanBanDenEdit.aspx?IDVB=5473  </system-out>
</testsuite> <!-- testCaseTPXuLyVanBanDen.TC01_Tp_CapNhatTask -->
