<?xml version="1.0" encoding="UTF-8"?>
<!-- Generated by org.testng.reporters.JUnitReportReporter -->
<testsuite hostname="LAPTOP-DGDCJGPO" failures="0" tests="1" name="testCaseVBDenVanThu.TC02_VBDangLuuCoDinhKem" time="35.298" errors="0" timestamp="2021-11-03T15:42:25 ICT" skipped="0">
  <testcase classname="testCaseVBDenVanThu.TC02_VBDangLuuCoDinhKem" name="VBDangLuuCoDinhKem" time="35.298"/>
  <system-out/>
</testsuite> <!-- testCaseVBDenVanThu.TC02_VBDangLuuCoDinhKem -->
