<?xml version="1.0" encoding="UTF-8"?>
<!-- Generated by org.testng.reporters.JUnitReportReporter -->
<testsuite hostname="truyenltpc" failures="0" tests="1" name="testCaseVBBanHanh.TC06_PhatHanhTuVBChuaKySoDaPheDuyet" time="210.974" errors="0" timestamp="2021-08-06T21:29:25 ICT" skipped="0">
  <testcase classname="testCaseVBBanHanh.TC06_PhatHanhTuVBChuaKySoDaPheDuyet" name="VBDangLuuKhongDinhKem" time="210.974"/>
  <system-out>
https://daotaoeoffice.petrolimex.com.vn/plxtkdg/vanban/SitePages/Workflow_XuLyQuyTrinhV2_Document.aspx?IID=665&source=https://daotaoeoffice.petrolimex.com.vn/plxtkdg/vanban/default.aspx?page=1  </system-out>
</testsuite> <!-- testCaseVBBanHanh.TC06_PhatHanhTuVBChuaKySoDaPheDuyet -->
