<?xml version="1.0" encoding="UTF-8"?>
<!-- Generated by org.testng.reporters.JUnitReportReporter -->
<testsuite hostname="truyenltpc" failures="0" tests="1" name="TestCase.TC01OpenAndCloseForm" time="30.924" errors="0" timestamp="2021-04-09T19:52:38 ICT" skipped="0">
  <testcase classname="TestCase.TC01OpenAndCloseForm" name="OpenAndCloseForm" time="30.924"/>
  <system-out/>
</testsuite> <!-- TestCase.TC01OpenAndCloseForm -->
