<?xml version="1.0" encoding="UTF-8"?>
<!-- Generated by org.testng.reporters.JUnitReportReporter -->
<testsuite hostname="truyenltpc" failures="0" tests="1" name="testCaseHSTL.TC08_ThaoTacXoaDanhMucTrenForm" time="59.069" errors="0" timestamp="2021-10-23T15:06:28 ICT" skipped="0">
  <testcase classname="testCaseHSTL.TC08_ThaoTacXoaDanhMucTrenForm" name="ThaoTacXoaDanhMucTrenForm" time="59.069"/>
  <system-out>
    <![CDATA[http://eoffice.petrolimex.com.vn/plxhnn/vanban/SitePages/VanBanDi_Detail.aspx?IId=5537&SPId=58&ListID=9710b5f7-0241-4714-8041-0f596f9ae605
http://eoffice.petrolimex.com.vn/plxhnn/vanban/SitePages/VanBanDi_Detail.aspx?IID=5537&Source=%2fplxhnn%2fvanban%2fsitepages%2fvanbancuatoi%2fdangsoanthao.aspx]]>
  </system-out>
</testsuite> <!-- testCaseHSTL.TC08_ThaoTacXoaDanhMucTrenForm -->
