<?xml version="1.0" encoding="UTF-8"?>
<!-- Generated by org.testng.reporters.JUnitReportReporter -->
<testsuite hostname="truyenltpc" failures="0" tests="1" name="testCaseChuTichXuLyVanBanDen.TC10_ChuTich_TrinhLanhDao" time="94.785" errors="0" timestamp="2021-06-24T13:21:29 ICT" skipped="0">
  <testcase classname="testCaseChuTichXuLyVanBanDen.TC10_ChuTich_TrinhLanhDao" name="ChuTichTrinhlanhDaoKhac" time="94.785"/>
  <system-out/>
</testsuite> <!-- testCaseChuTichXuLyVanBanDen.TC10_ChuTich_TrinhLanhDao -->
