<?xml version="1.0" encoding="UTF-8"?>
<!-- Generated by org.testng.reporters.JUnitReportReporter -->
<testsuite hostname="truyenltpc" failures="0" tests="1" name="TestCase.TC04_DirectorApproved" time="75.898" errors="0" timestamp="2021-02-21T17:49:51 ICT" skipped="0">
  <testcase classname="TestCase.TC04_DirectorApproved" name="TaoMoiDuThao" time="75.898"/>
  <system-out/>
</testsuite> <!-- TestCase.TC04_DirectorApproved -->
