<?xml version="1.0" encoding="UTF-8"?>
<!-- Generated by org.testng.reporters.JUnitReportReporter -->
<testsuite hostname="truyenltpc" failures="0" tests="1" name="banHanhVanBan.TC03VBDenQuaMangTrinhTGD" time="177.978" errors="0" timestamp="2021-03-04T14:33:01 ICT" skipped="0">
  <testcase classname="banHanhVanBan.TC03VBDenQuaMangTrinhTGD" name="VBDenQuaMangTrinhTGD" time="177.978"/>
  <system-out/>
</testsuite> <!-- banHanhVanBan.TC03VBDenQuaMangTrinhTGD -->
