<?xml version="1.0" encoding="UTF-8"?>
<!-- Generated by org.testng.reporters.JUnitReportReporter -->
<testsuite hostname="truyenltpc" failures="0" tests="1" name="testCaseNVXuLyVanBanDen.TC02_NV_NVHoanTatTask" time="331.902" errors="0" timestamp="2021-08-11T17:20:02 ICT" skipped="0">
  <testcase classname="testCaseNVXuLyVanBanDen.TC02_NV_NVHoanTatTask" name="NVHoanTatTask" time="331.902"/>
  <system-out>
https://daotaoeoffice.petrolimex.com.vn/plxtkdg/vanban/SitePages/VanBanDen/VanBanDenEdit.aspx?IDVB=5480  </system-out>
</testsuite> <!-- testCaseNVXuLyVanBanDen.TC02_NV_NVHoanTatTask -->
