<?xml version="1.0" encoding="UTF-8"?>
<!-- Generated by org.testng.reporters.JUnitReportReporter -->
<testsuite hostname="truyenltpc" failures="0" tests="1" name="testCaseVBDen.TC01VBDangLuuKhongDinhKem" time="30.496" errors="0" timestamp="2021-05-30T20:55:49 ICT" skipped="0">
  <testcase classname="testCaseVBDen.TC01VBDangLuuKhongDinhKem" name="VBDangLuuKhongDinhKem" time="30.496"/>
  <system-out/>
</testsuite> <!-- testCaseVBDen.TC01VBDangLuuKhongDinhKem -->
