<?xml version="1.0" encoding="UTF-8"?>
<!-- Generated by org.testng.reporters.JUnitReportReporter -->
<testsuite hostname="truyenltpc" failures="0" tests="1" name="checkWebpart.cauHinhKhac" time="20.123" errors="0" timestamp="2021-08-27T07:02:55 ICT" skipped="0">
  <testcase classname="checkWebpart.cauHinhKhac" name="CauHinh10" time="20.123"/>
  <system-out>
<a href=https://daotaoeoffice.petrolimex.com.vn/plxtkdg/Lists/DinhNghiaQuiTrinh/NewForm.aspx target=_blank>https://daotaoeoffice.petrolimex.com.vn/plxtkdg/Lists/DinhNghiaQuiTrinh/NewForm.aspx</a>  </system-out>
</testsuite> <!-- checkWebpart.cauHinhKhac -->
