<?xml version="1.0" encoding="UTF-8"?>
<!-- Generated by org.testng.reporters.JUnitReportReporter -->
<testsuite hostname="truyenltpc" failures="0" tests="1" name="testCaseVBDen.Test" time="28.020" errors="0" timestamp="2021-04-16T12:59:05 ICT" skipped="0">
  <testcase classname="testCaseVBDen.Test" name="Test" time="28.020"/>
  <system-out/>
</testsuite> <!-- testCaseVBDen.Test -->
