<?xml version="1.0" encoding="UTF-8"?>
<!-- Generated by org.testng.reporters.JUnitReportReporter -->
<testsuite hostname="truyenltpc" failures="0" tests="1" name="testCaseVBBanHanh.TC04_SuaThongTinVBDaPhatHanh" time="94.156" errors="0" timestamp="2021-07-13T16:54:07 ICT" skipped="0">
  <testcase classname="testCaseVBBanHanh.TC04_SuaThongTinVBDaPhatHanh" name="SuaThongTinVBDaPhatHanh" time="94.156"/>
  <system-out/>
</testsuite> <!-- testCaseVBBanHanh.TC04_SuaThongTinVBDaPhatHanh -->
