<?xml version="1.0" encoding="UTF-8"?>
<!-- Generated by org.testng.reporters.JUnitReportReporter -->
<testsuite hostname="truyenltpc" failures="0" tests="1" name="testCaseNVXuLyVanBanDen.TC21_NV_NVLapHoSoDuThao" time="197.535" errors="0" timestamp="2021-06-20T00:21:43 ICT" skipped="0">
  <testcase classname="testCaseNVXuLyVanBanDen.TC21_NV_NVLapHoSoDuThao" name="NVKetThucTask" time="197.535"/>
  <system-out/>
</testsuite> <!-- testCaseNVXuLyVanBanDen.TC21_NV_NVLapHoSoDuThao -->
