<?xml version="1.0" encoding="UTF-8"?>
<!-- Generated by org.testng.reporters.JUnitReportReporter -->
<testsuite hostname="truyenltpc" failures="0" tests="1" name="testCaseTPXuLyVanBanDen.TestVanBanDen" time="14.354" errors="0" timestamp="2021-06-03T23:22:01 ICT" skipped="0">
  <testcase classname="testCaseTPXuLyVanBanDen.TestVanBanDen" name="VBDangLuuKhongDinhKem" time="14.354"/>
  <system-out/>
</testsuite> <!-- testCaseTPXuLyVanBanDen.TestVanBanDen -->
