<?xml version="1.0" encoding="UTF-8"?>
<!-- Generated by org.testng.reporters.JUnitReportReporter -->
<testsuite hostname="truyenltpc" failures="0" tests="1" name="testCaseTGDXuLyVanBanDen.TC14_TGD_PhanCongThucHien" time="114.127" errors="0" timestamp="2021-06-21T08:42:59 ICT" skipped="0">
  <testcase classname="testCaseTGDXuLyVanBanDen.TC14_TGD_PhanCongThucHien" name="TGDPhanCongThucHien" time="114.127"/>
  <system-out/>
</testsuite> <!-- testCaseTGDXuLyVanBanDen.TC14_TGD_PhanCongThucHien -->
