<?xml version="1.0" encoding="UTF-8"?>
<!-- Generated by org.testng.reporters.JUnitReportReporter -->
<testsuite hostname="truyenltpc" failures="0" tests="1" name="TestCase.TC02_SendToLineManager" time="43.588" errors="0" timestamp="2021-02-20T01:28:13 ICT" skipped="0">
  <testcase classname="TestCase.TC02_SendToLineManager" name="SendToLineManager" time="43.588"/>
  <system-out/>
</testsuite> <!-- TestCase.TC02_SendToLineManager -->
