<?xml version="1.0" encoding="UTF-8"?>
<!-- Generated by org.testng.reporters.JUnitReportReporter -->
<testsuite hostname="LAPTOP-DGDCJGPO" failures="0" tests="1" name="testCaseVBKySo.TC19_FileWord_KySoFileCoCommentTrackChange" time="196.192" errors="0" timestamp="2021-10-30T15:45:06 ICT" skipped="0">
  <testcase classname="testCaseVBKySo.TC19_FileWord_KySoFileCoCommentTrackChange" name="KySoFileCoCommentTrackChange" time="196.192"/>
  <system-out>
    <![CDATA[http://eoffice.petrolimex.com.vn/plxdb/vanban/SitePages/Workflow_XuLyQuyTrinhV2_Document.aspx?IID=5394&source=http://eoffice.petrolimex.com.vn/plxdb/vanban/default.aspx?page=1
http://eoffice.petrolimex.com.vn/plxdb/vanban/SitePages/Workflow_XuLyQuyTrinhV2_Document.aspx?IID=5394&source=http://eoffice.petrolimex.com.vn/plxdb/vanban/default.aspx?page=1
http://eoffice.petrolimex.com.vn/plxdb/vanban/SitePages/Workflow_XuLyQuyTrinhV2_Document.aspx?IID=5394&source=http://eoffice.petrolimex.com.vn/plxdb/vanban/default.aspx?page=1]]>
  </system-out>
</testsuite> <!-- testCaseVBKySo.TC19_FileWord_KySoFileCoCommentTrackChange -->
