<?xml version="1.0" encoding="UTF-8"?>
<!-- Generated by org.testng.reporters.JUnitReportReporter -->
<testsuite hostname="truyenltpc" failures="0" tests="1" name="testCaseHSTL.TC03_TaoToTrinhCoFileLoi" time="275.216" errors="0" timestamp="2021-08-28T18:34:19 ICT" skipped="0">
  <testcase classname="testCaseHSTL.TC03_TaoToTrinhCoFileLoi" name="TaoToTrinhCoFileLoi" time="275.216"/>
  <system-out>
http://eoffice.petrolimex.com.vn/plxb12cd/vanban/SitePages/VanBanDi_Detail.aspx?IId=1039&SPId=197&ListID=9710b5f7-0241-4714-8041-0f596f9ae605  </system-out>
</testsuite> <!-- testCaseHSTL.TC03_TaoToTrinhCoFileLoi -->
