<?xml version="1.0" encoding="UTF-8"?>
<!-- Generated by org.testng.reporters.JUnitReportReporter -->
<testsuite hostname="truyenltpc" failures="0" tests="1" name="testCaseVBDenDangLuu.TestVanBanDen" time="29.395" errors="0" timestamp="2021-05-31T19:16:07 ICT" skipped="0">
  <testcase classname="testCaseVBDenDangLuu.TestVanBanDen" name="VBDangLuuKhongDinhKem" time="29.395"/>
  <system-out/>
</testsuite> <!-- testCaseVBDenDangLuu.TestVanBanDen -->
