<?xml version="1.0" encoding="UTF-8"?>
<!-- Generated by org.testng.reporters.JUnitReportReporter -->
<testsuite hostname="truyenltpc" failures="0" tests="1" name="testCaseVBDenDangLuu.TC05_VBDangLuu_LapPhieuGiaiQuyet" time="85.847" errors="0" timestamp="2021-08-04T18:31:52 ICT" skipped="0">
  <testcase classname="testCaseVBDenDangLuu.TC05_VBDangLuu_LapPhieuGiaiQuyet" name="VBDangLuuLapPhieuGiaiQuyet" time="85.847"/>
  <system-out/>
</testsuite> <!-- testCaseVBDenDangLuu.TC05_VBDangLuu_LapPhieuGiaiQuyet -->
