<?xml version="1.0" encoding="UTF-8"?>
<!-- Generated by org.testng.reporters.JUnitReportReporter -->
<testsuite hostname="LAPTOP-DGDCJGPO" failures="0" tests="1" name="tetsCaseTinhNangChung.CheckXpath" time="13.408" errors="0" timestamp="2021-11-01T16:38:28 ICT" skipped="0">
  <testcase classname="tetsCaseTinhNangChung.CheckXpath" name="TaoHoSoLuuTru" time="13.408"/>
  <system-out/>
</testsuite> <!-- tetsCaseTinhNangChung.CheckXpath -->
