<?xml version="1.0" encoding="UTF-8"?>
<!-- Generated by org.testng.reporters.JUnitReportReporter -->
<testsuite hostname="truyenltpc" failures="0" tests="1" name="testCaseVBDen.TC05ChuTich_PhanCong" time="44.780" errors="0" timestamp="2021-04-16T13:01:46 ICT" skipped="0">
  <testcase classname="testCaseVBDen.TC05ChuTich_PhanCong" name="ChuTich_PhanCong" time="44.780"/>
  <system-out/>
</testsuite> <!-- testCaseVBDen.TC05ChuTich_PhanCong -->
