<?xml version="1.0" encoding="UTF-8"?>
<!-- Generated by org.testng.reporters.JUnitReportReporter -->
<testsuite hostname="truyenltpc" failures="0" tests="1" name="tetsCaseTinhNangChung.TC04_KiemTraPemisisoHSTL" time="130.231" errors="0" timestamp="2021-08-13T13:52:02 ICT" skipped="0">
  <testcase classname="tetsCaseTinhNangChung.TC04_KiemTraPemisisoHSTL" name="TaoHopDong" time="130.231"/>
  <system-out/>
</testsuite> <!-- tetsCaseTinhNangChung.TC04_KiemTraPemisisoHSTL -->
