<?xml version="1.0" encoding="UTF-8"?>
<!-- Generated by org.testng.reporters.JUnitReportReporter -->
<testsuite hostname="LAPTOP-DGDCJGPO" failures="0" tests="1" name="testCaseHSTL.TC03_TaoToTrinh" time="224.395" errors="0" timestamp="2021-10-30T18:59:00 ICT" skipped="0">
  <testcase classname="testCaseHSTL.TC03_TaoToTrinh" name="TaoToTrinh" time="224.395"/>
  <system-out>
    <![CDATA[http://eoffice.petrolimex.com.vn/plxhlc/vanban/SitePages/VanBanDi_Detail.aspx?IId=5027&SPId=24&ListID=9710b5f7-0241-4714-8041-0f596f9ae605]]>
  </system-out>
</testsuite> <!-- testCaseHSTL.TC03_TaoToTrinh -->
