<?xml version="1.0" encoding="UTF-8"?>
<!-- Generated by org.testng.reporters.JUnitReportReporter -->
<testsuite hostname="truyenltpc" failures="0" tests="1" name="testFunction.CheckFunction" time="20.211" errors="0" timestamp="2021-08-21T09:11:54 ICT" skipped="0">
  <testcase classname="testFunction.CheckFunction" name="NVCapNhatTask" time="20.211"/>
  <system-out/>
</testsuite> <!-- testFunction.CheckFunction -->
