<?xml version="1.0" encoding="UTF-8"?>
<!-- Generated by org.testng.reporters.JUnitReportReporter -->
<testsuite hostname="truyenltpc" failures="0" tests="1" name="testCaseNVXuLyVanBanDen.TC21_NV_NVTaoHoSoDuThao" time="201.509" errors="0" timestamp="2021-06-05T22:45:19 ICT" skipped="0">
  <testcase classname="testCaseNVXuLyVanBanDen.TC21_NV_NVTaoHoSoDuThao" name="NVKetThucTask" time="201.509"/>
  <system-out/>
</testsuite> <!-- testCaseNVXuLyVanBanDen.TC21_NV_NVTaoHoSoDuThao -->
