<?xml version="1.0" encoding="UTF-8"?>
<!-- Generated by org.testng.reporters.JUnitReportReporter -->
<testsuite hostname="truyenltpc" failures="0" tests="1" name="testCaseVBBanHanh.TC06_LapPhieuGiaiQuyetVBDaPhatHanh_CapNhatTask" time="103.668" errors="0" timestamp="2021-08-12T22:47:30 ICT" skipped="0">
  <testcase classname="testCaseVBBanHanh.TC06_LapPhieuGiaiQuyetVBDaPhatHanh_CapNhatTask" name="LapPhieuGiaiQuyetVBDaPhatHanh" time="103.668"/>
  <system-out>
https://daotaoeoffice.petrolimex.com.vn/plxtkdg/vanban/SitePages/VanBanBanHanh/VanBanBanHanhEdit.aspx?IDVB=5825&Source=%2fplxtkdg%2fvanban%2fsitepages%2fvanbanbanhanh%2fdabanhanh.aspx  </system-out>
</testsuite> <!-- testCaseVBBanHanh.TC06_LapPhieuGiaiQuyetVBDaPhatHanh_CapNhatTask -->
