<?xml version="1.0" encoding="UTF-8"?>
<!-- Generated by org.testng.reporters.JUnitReportReporter -->
<testsuite hostname="truyenltpc" failures="0" tests="1" name="testCaseVBDenDangLuu.TC03_VBDangLuuCoDinhKem_XoaFileDinhKem" time="62.224" errors="0" timestamp="2021-08-04T18:15:19 ICT" skipped="0">
  <testcase classname="testCaseVBDenDangLuu.TC03_VBDangLuuCoDinhKem_XoaFileDinhKem" name="VBDangLuuXoaFileDinhKem" time="62.224"/>
  <system-out/>
</testsuite> <!-- testCaseVBDenDangLuu.TC03_VBDangLuuCoDinhKem_XoaFileDinhKem -->
