<?xml version="1.0" encoding="UTF-8"?>
<!-- Generated by org.testng.reporters.JUnitReportReporter -->
<testsuite hostname="LAPTOP-DGDCJGPO" failures="0" tests="1" name="testCaseTGDXuLyVanBanDen.TC02_TGD_KetThucVB" time="112.909" errors="0" timestamp="2021-10-27T16:49:39 ICT" skipped="0">
  <testcase classname="testCaseTGDXuLyVanBanDen.TC02_TGD_KetThucVB" name="TGD_KetThucVB" time="112.909"/>
  <system-out>
    <![CDATA[https://daotaoeoffice.petrolimex.com.vn/plxkv1/vanban/SitePages/VanBanDen/VanBanDenEdit.aspx?IDVB=18638&Page=1&PageSizes=20&Source=%2fplxkv1%2fvanban%2fsitepages%2fvanbanden%2ftatca.aspx%3FPage=1%26k%3DTC%2012%20-%20TGD-%20Ki%E1%BB%83m%20tra%20T%E1%BB%95ng%20gi%C3%A1m%20%C4%91%E1%BB%91c%20K%E1%BA%BFt%20th%C3%BAc%20VB%20%C4%91%C6%B0%E1%BB%A3c%20t%E1%BA%A1o%20l%C3%BAc%3A%2027-10-2021%2016%3A47%3A46%26ColumnNgay%3DNgayTrenVB%26From%3D2021-09-27%26To%3D2021-10-27%26SearchIn%3D%26TypeDate%3D2%26PageSizes=20]]>
  </system-out>
</testsuite> <!-- testCaseTGDXuLyVanBanDen.TC02_TGD_KetThucVB -->
