<?xml version="1.0" encoding="UTF-8"?>
<!-- Generated by org.testng.reporters.JUnitReportReporter -->
<testsuite hostname="truyenltpc" failures="0" tests="1" name="testCaseVBDen.TC02_VBDangLuuCoDinhKem" time="60.765" errors="0" timestamp="2021-05-30T21:00:36 ICT" skipped="0">
  <testcase classname="testCaseVBDen.TC02_VBDangLuuCoDinhKem" name="VBDangLuuKhongDinhKem" time="60.765"/>
  <system-out/>
</testsuite> <!-- testCaseVBDen.TC02_VBDangLuuCoDinhKem -->
