<?xml version="1.0" encoding="UTF-8"?>
<!-- Generated by org.testng.reporters.JUnitReportReporter -->
<testsuite hostname="LAPTOP-DGDCJGPO" failures="0" tests="1" name="testCaseHSTL.TC04_BaoCaoNoiBo" time="193.357" errors="0" timestamp="2021-10-30T19:05:58 ICT" skipped="0">
  <testcase classname="testCaseHSTL.TC04_BaoCaoNoiBo" name="BaoCaoNoiBo" time="193.357"/>
  <system-out>
    <![CDATA[http://eoffice.petrolimex.com.vn/plxhlc/vanban/SitePages/VanBanDi_Detail.aspx?IId=5029&SPId=43&ListID=9710b5f7-0241-4714-8041-0f596f9ae605]]>
  </system-out>
</testsuite> <!-- testCaseHSTL.TC04_BaoCaoNoiBo -->
