<?xml version="1.0" encoding="UTF-8"?>
<!-- Generated by org.testng.reporters.JUnitReportReporter -->
<testsuite hostname="truyenltpc" failures="0" tests="1" name="TestCase.TC02SendToLineManager" time="104.091" errors="0" timestamp="2021-04-10T06:40:56 ICT" skipped="0">
  <testcase classname="TestCase.TC02SendToLineManager" name="SendToLineManager" time="104.091"/>
  <system-out/>
</testsuite> <!-- TestCase.TC02SendToLineManager -->
