<?xml version="1.0" encoding="UTF-8"?>
<!-- Generated by org.testng.reporters.JUnitReportReporter -->
<testsuite hostname="truyenltpc" failures="0" tests="1" name="testCaseHSTL.TC11_HoSoTaiLieuKhongKyMoc2_KeyUser" time="163.585" errors="0" timestamp="2021-08-07T19:06:16 ICT" skipped="0">
  <testcase classname="testCaseHSTL.TC11_HoSoTaiLieuKhongKyMoc2_KeyUser" name="HoSoTaiLieuKhongKyMoc2_KeyUser" time="163.585"/>
  <system-out/>
</testsuite> <!-- testCaseHSTL.TC11_HoSoTaiLieuKhongKyMoc2_KeyUser -->
