<?xml version="1.0" encoding="UTF-8"?>
<!-- Generated by org.testng.reporters.JUnitReportReporter -->
<testsuite hostname="truyenltpc" failures="0" tests="1" name="testCaseVBDT.TC08_NguoiPheDuyetThuHoi" time="65.885" errors="0" timestamp="2021-10-09T16:39:11 ICT" skipped="0">
  <testcase classname="testCaseVBDT.TC08_NguoiPheDuyetThuHoi" name="NguoiPheDuyetThuHoi" time="65.885"/>
  <system-out>
    <![CDATA[http://eoffice.petrolimex.com.vn/plxcb/vanban/default.aspx]]>
  </system-out>
</testsuite> <!-- testCaseVBDT.TC08_NguoiPheDuyetThuHoi -->
