<?xml version="1.0" encoding="UTF-8"?>
<!-- Generated by org.testng.reporters.JUnitReportReporter -->
<testsuite hostname="truyenltpc" failures="0" tests="1" name="testCaseVBKySo.TC20_FileWord_KySo2StepGiongNhau" time="241.386" errors="0" timestamp="2021-08-21T22:21:38 ICT" skipped="0">
  <testcase classname="testCaseVBKySo.TC20_FileWord_KySo2StepGiongNhau" name="VBDangLuuKhongDinhKem" time="241.386"/>
  <system-out>
http://eoffice.petrolimex.com.vn/plxvp/vanban/SitePages/Workflow_XuLyQuyTrinhV2_Document.aspx?IID=546&source=http://eoffice.petrolimex.com.vn/plxvp/vanban/default.aspx?page=1  </system-out>
</testsuite> <!-- testCaseVBKySo.TC20_FileWord_KySo2StepGiongNhau -->
