<?xml version="1.0" encoding="UTF-8"?>
<!-- Generated by org.testng.reporters.JUnitReportReporter -->
<testsuite hostname="truyenltpc" failures="0" tests="1" name="testCaseChuTichXuLyVanBanDen.TC07_ChuTichKetThucVB" time="39.237" errors="0" timestamp="2021-06-20T00:21:43 ICT" skipped="0">
  <testcase classname="testCaseChuTichXuLyVanBanDen.TC07_ChuTichKetThucVB" name="ChuTichKetThucVB" time="39.237"/>
  <system-out/>
</testsuite> <!-- testCaseChuTichXuLyVanBanDen.TC07_ChuTichKetThucVB -->
