<?xml version="1.0" encoding="UTF-8"?>
<!-- Generated by org.testng.reporters.JUnitReportReporter -->
<testsuite hostname="LAPTOPSSD18" failures="0" tests="1" name="testCaseTGDXuLyVanBanDen.testDt" time="33.630" errors="0" timestamp="2022-06-28T16:23:42 ICT" skipped="0">
  <testcase classname="testCaseTGDXuLyVanBanDen.testDt" name="TGDPhanCongThucHien" time="33.630"/>
  <system-out/>
</testsuite> <!-- testCaseTGDXuLyVanBanDen.testDt -->
