<?xml version="1.0" encoding="UTF-8"?>
<!-- Generated by org.testng.reporters.JUnitReportReporter -->
<testsuite hostname="truyenltpc" failures="0" tests="1" name="testCaseHSTL.TC01_TaoHopDongTpTrinhTGDPheDuyet" time="220.334" errors="0" timestamp="2021-08-28T16:35:33 ICT" skipped="0">
  <testcase classname="testCaseHSTL.TC01_TaoHopDongTpTrinhTGDPheDuyet" name="TaoHopDongTpTrinhTGDPheDuyet" time="220.334"/>
  <system-out>
http://eoffice.petrolimex.com.vn/plxb12cd/vanban/SitePages/VanBanDi_Detail.aspx?IId=1010&SPId=27&ListID=9710b5f7-0241-4714-8041-0f596f9ae605  </system-out>
</testsuite> <!-- testCaseHSTL.TC01_TaoHopDongTpTrinhTGDPheDuyet -->
