<?xml version="1.0" encoding="UTF-8"?>
<!-- Generated by org.testng.reporters.JUnitReportReporter -->
<testsuite hostname="LAPTOPSSD18" failures="0" tests="1" name="testCaseTPXuLyVanBanDen.TC03_Tp_LapHoSoDuThao" time="78.610" errors="0" timestamp="2022-06-28T15:50:38 ICT" skipped="0">
  <testcase classname="testCaseTPXuLyVanBanDen.TC03_Tp_LapHoSoDuThao" name="TpLapHoSoDuThao" time="78.610"/>
  <system-out>
    <![CDATA[https://daotaoeoffice.petrolimex.com.vn/plxkv1/vanban/SitePages/VanBanDi_Detail.aspx?IID=2020]]>
  </system-out>
</testsuite> <!-- testCaseTPXuLyVanBanDen.TC03_Tp_LapHoSoDuThao -->
