<?xml version="1.0" encoding="UTF-8"?>
<!-- Generated by org.testng.reporters.JUnitReportReporter -->
<testsuite hostname="truyenltpc" failures="0" tests="1" name="testCaseNVXuLyVanBanDen.TC19_NV_NVCapNhatTask" time="175.662" errors="0" timestamp="2021-06-20T00:21:43 ICT" skipped="0">
  <testcase classname="testCaseNVXuLyVanBanDen.TC19_NV_NVCapNhatTask" name="NVCapNhatTask" time="175.662"/>
  <system-out/>
</testsuite> <!-- testCaseNVXuLyVanBanDen.TC19_NV_NVCapNhatTask -->
