<?xml version="1.0" encoding="UTF-8"?>
<!-- Generated by org.testng.reporters.JUnitReportReporter -->
<testsuite hostname="truyenltpc" failures="0" tests="1" name="banHanhVanBan.TC02VBDenQuaMangTrinhChuTich" time="201.236" errors="0" timestamp="2021-03-04T14:26:10 ICT" skipped="0">
  <testcase classname="banHanhVanBan.TC02VBDenQuaMangTrinhChuTich" name="VBDenQuaMangDangLuu" time="201.236"/>
  <system-out/>
</testsuite> <!-- banHanhVanBan.TC02VBDenQuaMangTrinhChuTich -->
