<?xml version="1.0" encoding="UTF-8"?>
<!-- Generated by org.testng.reporters.JUnitReportReporter -->
<testsuite hostname="truyenltpc" failures="0" tests="1" name="testCaseTGDXuLyVanBanDen.TC03_TGD_ChiaSeVB" time="134.148" errors="0" timestamp="2021-08-11T15:44:07 ICT" skipped="0">
  <testcase classname="testCaseTGDXuLyVanBanDen.TC03_TGD_ChiaSeVB" name="TGDChiaSeVB" time="134.148"/>
  <system-out>
https://daotaoeoffice.petrolimex.com.vn/plxtkdg/vanban/SitePages/VanBanDen/VanBanDenEdit.aspx?IDVB=5463&source=https://daotaoeoffice.petrolimex.com.vn/plxtkdg/vanban/default.aspx?page=1  </system-out>
</testsuite> <!-- testCaseTGDXuLyVanBanDen.TC03_TGD_ChiaSeVB -->
