<?xml version="1.0" encoding="UTF-8"?>
<!-- Generated by org.testng.reporters.JUnitReportReporter -->
<testsuite hostname="truyenltpc" failures="0" tests="1" name="testCaseHSTL.TC03_TaoToTrinhTpTrinhTGDPheDuyet" time="120.516" errors="0" timestamp="2021-08-12T11:50:39 ICT" skipped="0">
  <testcase classname="testCaseHSTL.TC03_TaoToTrinhTpTrinhTGDPheDuyet" name="TaoBienBanThanhToan" time="120.516"/>
  <system-out>
https://daotaoeoffice.petrolimex.com.vn/plxtkdg/vanban/SitePages/VanBanDi_Detail.aspx?IId=954&SPId=944&ListID=9710b5f7-0241-4714-8041-0f596f9ae605  </system-out>
</testsuite> <!-- testCaseHSTL.TC03_TaoToTrinhTpTrinhTGDPheDuyet -->
