<?xml version="1.0" encoding="UTF-8"?>
<!-- Generated by org.testng.reporters.JUnitReportReporter -->
<testsuite hostname="truyenltpc" failures="0" tests="1" name="TestCase.TC03_Approved" time="143.788" errors="0" timestamp="2021-02-20T01:28:13 ICT" skipped="0">
  <testcase classname="TestCase.TC03_Approved" name="TaoMoiDuThao" time="143.788"/>
  <system-out/>
</testsuite> <!-- TestCase.TC03_Approved -->
