<?xml version="1.0" encoding="UTF-8"?>
<!-- Generated by org.testng.reporters.JUnitReportReporter -->
<testsuite hostname="truyenltpc" failures="0" tests="1" name="testCaseTGDXuLyVanBanDen.TC13_TGD_ChiaSeVB" time="103.358" errors="0" timestamp="2021-06-20T00:21:43 ICT" skipped="0">
  <testcase classname="testCaseTGDXuLyVanBanDen.TC13_TGD_ChiaSeVB" name="TGDChiaSeVB" time="103.358"/>
  <system-out/>
</testsuite> <!-- testCaseTGDXuLyVanBanDen.TC13_TGD_ChiaSeVB -->
