<?xml version="1.0" encoding="UTF-8"?>
<!-- Generated by org.testng.reporters.JUnitReportReporter -->
<testsuite hostname="truyenltpc" failures="0" tests="1" name="testCaseVBDenDangLuu.TC02_VBDangLuuCoDinhKem" time="51.858" errors="0" timestamp="2021-08-04T18:14:09 ICT" skipped="0">
  <testcase classname="testCaseVBDenDangLuu.TC02_VBDangLuuCoDinhKem" name="VBDangLuuCoDinhKem" time="51.858"/>
  <system-out/>
</testsuite> <!-- testCaseVBDenDangLuu.TC02_VBDangLuuCoDinhKem -->
