<?xml version="1.0" encoding="UTF-8"?>
<!-- Generated by org.testng.reporters.JUnitReportReporter -->
<testsuite hostname="truyenltpc" failures="0" tests="1" name="TestCase.TC03SendToLineManagerRequestInformation" time="57.287" errors="0" timestamp="2021-02-21T17:49:51 ICT" skipped="0">
  <testcase classname="TestCase.TC03SendToLineManagerRequestInformation" name="SendToLineManager" time="57.287"/>
  <system-out/>
</testsuite> <!-- TestCase.TC03SendToLineManagerRequestInformation -->
