<?xml version="1.0" encoding="UTF-8"?>
<!-- Generated by org.testng.reporters.JUnitReportReporter -->
<testsuite hostname="LAPTOP-DGDCJGPO" failures="0" tests="1" name="testCaseVBKySo.TC11_ChuyenXuLyTaiBuocLanhDaoPhongBan" time="194.445" errors="0" timestamp="2021-10-30T18:39:44 ICT" skipped="0">
  <testcase classname="testCaseVBKySo.TC11_ChuyenXuLyTaiBuocLanhDaoPhongBan" name="ChuyenXuLyTaiBuocLanhDaoPhongBan" time="194.445"/>
  <system-out>
    <![CDATA[http://eoffice.petrolimex.com.vn/plxhlc/vanban/SitePages/Workflow_XuLyQuyTrinhV2_Document.aspx?IID=5021&source=http://eoffice.petrolimex.com.vn/plxhlc/vanban/default.aspx?page=1
http://eoffice.petrolimex.com.vn/plxhlc/vanban/SitePages/Workflow_XuLyQuyTrinhV2_Document.aspx?IID=5021&source=http://eoffice.petrolimex.com.vn/plxhlc/vanban/default.aspx?page=1
http://eoffice.petrolimex.com.vn/plxhlc/vanban/SitePages/Workflow_XuLyQuyTrinhV2_Document.aspx?IID=5021&source=http://eoffice.petrolimex.com.vn/plxhlc/vanban/default.aspx?page=1]]>
  </system-out>
</testsuite> <!-- testCaseVBKySo.TC11_ChuyenXuLyTaiBuocLanhDaoPhongBan -->
