<?xml version="1.0" encoding="UTF-8"?>
<!-- Generated by org.testng.reporters.JUnitReportReporter -->
<testsuite hostname="truyenltpc" failures="0" tests="1" name="testCaseVBDenVanThu.TC07_VBDen_LapPhieuGiaiQuyet" time="45.159" errors="0" timestamp="2021-08-11T14:43:08 ICT" skipped="0">
  <testcase classname="testCaseVBDenVanThu.TC07_VBDen_LapPhieuGiaiQuyet" name="VBDenLapPhieuGiaiQuyet" time="45.159"/>
  <system-out>
https://daotaoeoffice.petrolimex.com.vn/plxtkdg/vanban/SitePages/VanBanDen/VanBanDenEdit.aspx?IDVB=5452&Source=%2fplxtkdg%2fvanban%2fsitepages%2fvanbanden%2fdanggiaiquyet.aspx  </system-out>
</testsuite> <!-- testCaseVBDenVanThu.TC07_VBDen_LapPhieuGiaiQuyet -->
