<?xml version="1.0" encoding="UTF-8"?>
<!-- Generated by org.testng.reporters.JUnitReportReporter -->
<testsuite hostname="truyenltpc" failures="0" tests="1" name="testCaseChuTichXuLyVanBanDen.TC06_ChuTichChuyenXuLy" time="67.179" errors="0" timestamp="2021-06-20T16:18:52 ICT" skipped="0">
  <testcase classname="testCaseChuTichXuLyVanBanDen.TC06_ChuTichChuyenXuLy" name="ChuTichChuyenXuLy" time="67.179"/>
  <system-out/>
</testsuite> <!-- testCaseChuTichXuLyVanBanDen.TC06_ChuTichChuyenXuLy -->
