<?xml version="1.0" encoding="UTF-8"?>
<!-- Generated by org.testng.reporters.JUnitReportReporter -->
<testsuite hostname="LAPTOPSSD18" failures="0" tests="16" name="checkWebpart.vanBanDen" time="533.962" errors="0" timestamp="2022-06-24T14:32:44 ICT" skipped="0">
  <testcase classname="checkWebpart.vanBanDen" name="VBDen1" time="28.971"/>
  <system-out>
    <![CDATA[<a href=https://daotaoeoffice.petrolimex.com.vn/plxkv1/vanban/SitePages/VanBanDen/VanBanDenNew.aspx target=_blank>https://daotaoeoffice.petrolimex.com.vn/plxkv1/vanban/SitePages/VanBanDen/VanBanDenNew.aspx</a>]]>
  </system-out>
  <testcase classname="checkWebpart.vanBanDen" name="VBDen2" time="25.668"/>
  <system-out>
    <![CDATA[<a href=https://daotaoeoffice.petrolimex.com.vn/plxkv1/vanban/SitePages/VanBanDen/DenQuaMang.aspx target=_blank>https://daotaoeoffice.petrolimex.com.vn/plxkv1/vanban/SitePages/VanBanDen/DenQuaMang.aspx</a>]]>
  </system-out>
  <testcase classname="checkWebpart.vanBanDen" name="VBDen3" time="23.636"/>
  <system-out>
    <![CDATA[<a href=https://daotaoeoffice.petrolimex.com.vn/plxkv1/vanban/SitePages/VanBanDen/Luu.aspx target=_blank>https://daotaoeoffice.petrolimex.com.vn/plxkv1/vanban/SitePages/VanBanDen/Luu.aspx</a>]]>
  </system-out>
  <testcase classname="checkWebpart.vanBanDen" name="VBDen4" time="26.839"/>
  <system-out>
    <![CDATA[<a href=https://daotaoeoffice.petrolimex.com.vn/plxkv1/vanban/SitePages/VanBanDen/ChoYKienLanhDao.aspx target=_blank>https://daotaoeoffice.petrolimex.com.vn/plxkv1/vanban/SitePages/VanBanDen/ChoYKienLanhDao.aspx</a>]]>
  </system-out>
  <testcase classname="checkWebpart.vanBanDen" name="VBDen5" time="23.342"/>
  <system-out>
    <![CDATA[<a href=https://daotaoeoffice.petrolimex.com.vn/plxkv1/vanban/SitePages/VanBanDen/DaGiaiQuyet.aspx target=_blank>https://daotaoeoffice.petrolimex.com.vn/plxkv1/vanban/SitePages/VanBanDen/DaGiaiQuyet.aspx</a>]]>
  </system-out>
  <testcase classname="checkWebpart.vanBanDen" name="VBDen6" time="24.938"/>
  <system-out>
    <![CDATA[<a href=https://daotaoeoffice.petrolimex.com.vn/plxkv1/vanban/SitePages/VanBanDen/DangGiaiQuyet.aspx target=_blank>https://daotaoeoffice.petrolimex.com.vn/plxkv1/vanban/SitePages/VanBanDen/DangGiaiQuyet.aspx</a>]]>
  </system-out>
  <testcase classname="checkWebpart.vanBanDen" name="VBDen7" time="25.130"/>
  <system-out>
    <![CDATA[<a href=https://daotaoeoffice.petrolimex.com.vn/plxkv1/vanban/SitePages/VanBanDen/TreHan.aspx target=_blank>https://daotaoeoffice.petrolimex.com.vn/plxkv1/vanban/SitePages/VanBanDen/TreHan.aspx</a>]]>
  </system-out>
  <testcase classname="checkWebpart.vanBanDen" name="VBDen8" time="23.669"/>
  <system-out>
    <![CDATA[<a href=https://daotaoeoffice.petrolimex.com.vn/plxkv1/vanban/SitePages/VanBanDen/TatCa.aspx target=_blank>https://daotaoeoffice.petrolimex.com.vn/plxkv1/vanban/SitePages/VanBanDen/TatCa.aspx</a>]]>
  </system-out>
  <testcase classname="checkWebpart.vanBanDen" name="VBDen9" time="31.942"/>
  <system-out>
    <![CDATA[<a href=https://daotaoeoffice.petrolimex.com.vn/plxkv1/vanban/SitePages/UpdateDanhSachVBDen.aspx target=_blank>https://daotaoeoffice.petrolimex.com.vn/plxkv1/vanban/SitePages/UpdateDanhSachVBDen.aspx</a>]]>
  </system-out>
  <testcase classname="checkWebpart.vanBanDen" name="VBDen10" time="27.338"/>
  <system-out>
    <![CDATA[<a href=https://daotaoeoffice.petrolimex.com.vn/plxkv1/vanban/SitePages/VanBanDen/VanBanDenEdit.aspx target=_blank>https://daotaoeoffice.petrolimex.com.vn/plxkv1/vanban/SitePages/VanBanDen/VanBanDenEdit.aspx</a>]]>
  </system-out>
  <testcase classname="checkWebpart.vanBanDen" name="VBDen11" time="30.418"/>
  <system-out>
    <![CDATA[<a href=https://daotaoeoffice.petrolimex.com.vn/plxkv1/vanban/SitePages/VanBanDen/ThuHoiBoSung.aspx target=_blank>https://daotaoeoffice.petrolimex.com.vn/plxkv1/vanban/SitePages/VanBanDen/ThuHoiBoSung.aspx</a>]]>
  </system-out>
  <testcase classname="checkWebpart.vanBanDen" name="VBDen12" time="34.473"/>
  <system-out>
    <![CDATA[<a href=https://daotaoeoffice.petrolimex.com.vn/plxkv1/vanban/SitePages/VanBanDen/CapNhatVanBan.aspx target=_blank>https://daotaoeoffice.petrolimex.com.vn/plxkv1/vanban/SitePages/VanBanDen/CapNhatVanBan.aspx</a>]]>
  </system-out>
  <testcase classname="checkWebpart.vanBanDen" name="VBDen13" time="62.594"/>
  <system-out>
    <![CDATA[<a href=https://daotaoeoffice.petrolimex.com.vn/plxkv1/vanban/SitePages/VanBanDen/PhanCongLai.aspx target=_blank>https://daotaoeoffice.petrolimex.com.vn/plxkv1/vanban/SitePages/VanBanDen/PhanCongLai.aspx</a>]]>
  </system-out>
  <testcase classname="checkWebpart.vanBanDen" name="VBDen14" time="25.796"/>
  <system-out>
    <![CDATA[<a href=https://daotaoeoffice.petrolimex.com.vn/plxkv1/vanban/SitePages/VanBanDen/ThongTinLuanChuyen.aspx target=_blank>https://daotaoeoffice.petrolimex.com.vn/plxkv1/vanban/SitePages/VanBanDen/ThongTinLuanChuyen.aspx</a>]]>
  </system-out>
  <testcase classname="checkWebpart.vanBanDen" name="VBDen15" time="78.954"/>
  <system-out>
    <![CDATA[<a href=https://daotaoeoffice.petrolimex.com.vn/plxkv1/vanban/SitePages/VanBanDen/TaskVBDen.aspx target=_blank>https://daotaoeoffice.petrolimex.com.vn/plxkv1/vanban/SitePages/VanBanDen/TaskVBDen.aspx</a>]]>
  </system-out>
  <testcase classname="checkWebpart.vanBanDen" name="VBDen16" time="40.254"/>
  <system-out>
    <![CDATA[<a href=https://daotaoeoffice.petrolimex.com.vn/plxkv1/vanban/SitePages/VanBanDen/TaskDaPhan.aspx target=_blank>https://daotaoeoffice.petrolimex.com.vn/plxkv1/vanban/SitePages/VanBanDen/TaskDaPhan.aspx</a>]]>
  </system-out>
</testsuite> <!-- checkWebpart.vanBanDen -->
