<?xml version="1.0" encoding="UTF-8"?>
<!-- Generated by org.testng.reporters.JUnitReportReporter -->
<testsuite hostname="truyenltpc" failures="0" tests="1" name="testCaseChuTichXuLyVanBanDen.TC02_ChuTichKetThucVB" time="82.159" errors="0" timestamp="2021-08-11T15:13:25 ICT" skipped="0">
  <testcase classname="testCaseChuTichXuLyVanBanDen.TC02_ChuTichKetThucVB" name="ChuTichKetThucVB" time="82.159"/>
  <system-out>
https://daotaoeoffice.petrolimex.com.vn/plxtkdg/vanban/SitePages/VanBanDen/VanBanDenEdit.aspx?IDVB=5458&source=https://daotaoeoffice.petrolimex.com.vn/plxtkdg/vanban/default.aspx?page=1  </system-out>
</testsuite> <!-- testCaseChuTichXuLyVanBanDen.TC02_ChuTichKetThucVB -->
