<?xml version="1.0" encoding="UTF-8"?>
<!-- Generated by org.testng.reporters.JUnitReportReporter -->
<testsuite hostname="LAPTOP-DGDCJGPO" failures="0" tests="1" name="testCaseHSTL.TC05_BienBanNoiBo" time="186.202" errors="0" timestamp="2021-10-30T19:02:32 ICT" skipped="0">
  <testcase classname="testCaseHSTL.TC05_BienBanNoiBo" name="BienBanNoiBo" time="186.202"/>
  <system-out>
    <![CDATA[http://eoffice.petrolimex.com.vn/plxhlc/vanban/SitePages/VanBanDi_Detail.aspx?IId=5028&SPId=38&ListID=9710b5f7-0241-4714-8041-0f596f9ae605]]>
  </system-out>
</testsuite> <!-- testCaseHSTL.TC05_BienBanNoiBo -->
