<?xml version="1.0" encoding="UTF-8"?>
<!-- Generated by org.testng.reporters.JUnitReportReporter -->
<testsuite hostname="truyenltpc" failures="0" tests="1" name="testCaseNVXuLyVanBanDen.TC23_NV_PhanCongTiep" time="122.090" errors="0" timestamp="2021-06-20T00:21:43 ICT" skipped="0">
  <testcase classname="testCaseNVXuLyVanBanDen.TC23_NV_PhanCongTiep" name="NVKetThucTask" time="122.090"/>
  <system-out/>
</testsuite> <!-- testCaseNVXuLyVanBanDen.TC23_NV_PhanCongTiep -->
