<?xml version="1.0" encoding="UTF-8"?>
<!-- Generated by org.testng.reporters.JUnitReportReporter -->
<testsuite hostname="truyenltpc" failures="0" tests="1" name="testCaseVBDen.TC05TrinhChuTich" time="25.673" errors="0" timestamp="2021-04-16T12:07:09 ICT" skipped="0">
  <testcase classname="testCaseVBDen.TC05TrinhChuTich" name="ChuTich_TrinhLanhDaoTiepTheo" time="25.673"/>
  <system-out/>
</testsuite> <!-- testCaseVBDen.TC05TrinhChuTich -->
