<?xml version="1.0" encoding="UTF-8"?>
<!-- Generated by org.testng.reporters.JUnitReportReporter -->
<testsuite hostname="truyenltpc" failures="0" tests="1" name="testCaseVBKySo.TC13_KyThuaLenh_NguoiSoanCoWorkerName1Step" time="92.753" errors="0" timestamp="2021-08-06T12:46:32 ICT" skipped="0">
  <testcase classname="testCaseVBKySo.TC13_KyThuaLenh_NguoiSoanCoWorkerName1Step" name="KyThuaLenh_NguoiSoanCoWorkerName" time="92.753"/>
  <system-out/>
</testsuite> <!-- testCaseVBKySo.TC13_KyThuaLenh_NguoiSoanCoWorkerName1Step -->
