<?xml version="1.0" encoding="UTF-8"?>
<!-- Generated by org.testng.reporters.JUnitReportReporter -->
<testsuite hostname="truyenltpc" failures="0" tests="1" name="testCaseVBDenVanThu.TC03_VBDangLuuCoDinhKem_XoaFileDinhKem" time="91.470" errors="0" timestamp="2021-08-11T14:43:08 ICT" skipped="0">
  <testcase classname="testCaseVBDenVanThu.TC03_VBDangLuuCoDinhKem_XoaFileDinhKem" name="VBDangLuuXoaFileDinhKem" time="91.470"/>
  <system-out>
https://daotaoeoffice.petrolimex.com.vn/plxtkdg/vanban/SitePages/VanBanDen/VanBanDenEdit.aspx?IDVB=5446&Source=%2fplxtkdg%2fvanban%2fsitepages%2fvanbanden%2fluu.aspx  </system-out>
</testsuite> <!-- testCaseVBDenVanThu.TC03_VBDangLuuCoDinhKem_XoaFileDinhKem -->
