<?xml version="1.0" encoding="UTF-8"?>
<!-- Generated by org.testng.reporters.JUnitReportReporter -->
<testsuite hostname="truyenltpc" failures="0" tests="1" name="testCaseVBDen.TC01OpenAndCloseForm" time="39.423" errors="0" timestamp="2021-03-04T00:30:45 ICT" skipped="0">
  <testcase classname="testCaseVBDen.TC01OpenAndCloseForm" name="OpenAndCloseForm" time="39.423"/>
  <system-out/>
</testsuite> <!-- testCaseVBDen.TC01OpenAndCloseForm -->
