<?xml version="1.0" encoding="UTF-8"?>
<!-- Generated by org.testng.reporters.JUnitReportReporter -->
<testsuite hostname="LAPTOP-DGDCJGPO" failures="1" tests="1" name="testCaseVBKySo.TC12_ChuyenXuLyTaiBuocLanhDaoBGD" time="218.673" errors="0" timestamp="2021-10-30T16:55:39 ICT" skipped="0">
  <testcase classname="testCaseVBKySo.TC12_ChuyenXuLyTaiBuocLanhDaoBGD" name="ChuyenXuLyTaiBuocLanhDaoBGD" time="218.673">
    <failure message="expected [Ký số &quot;[VTTest] TC 11 - Chuyển xử lý tại bước Lãnh đạo Ban Giám đốc 1635587520492&quot;] but found [Nhận VB đến qua mạng &quot;[VTTest] TC 11 - Chuyển xử lý tại bước Lãnh đạo Ban Giám đốc 1635587116122&quot;]" type="java.lang.AssertionError">
      <![CDATA[java.lang.AssertionError: expected [Ký số "[VTTest] TC 11 - Chuyển xử lý tại bước Lãnh đạo Ban Giám đốc 1635587520492"] but found [Nhận VB đến qua mạng "[VTTest] TC 11 - Chuyển xử lý tại bước Lãnh đạo Ban Giám đốc 1635587116122"]
at org.testng.Assert.fail(Assert.java:99)
at org.testng.Assert.failNotEquals(Assert.java:1037)
at org.testng.Assert.assertEqualsImpl(Assert.java:140)
at org.testng.Assert.assertEquals(Assert.java:122)
at org.testng.Assert.assertEquals(Assert.java:629)
at org.testng.Assert.assertEquals(Assert.java:639)
at pages.DanhSachViecCanXuLy.ValidateTaskPhatHanhVBDuThaoDaPheDuyet(DanhSachViecCanXuLy.java:83)
at testCaseVBKySo.TC12_ChuyenXuLyTaiBuocLanhDaoBGD.ChuyenXuLyTaiBuocLanhDaoBGD(TC12_ChuyenXuLyTaiBuocLanhDaoBGD.java:103)
at java.base/jdk.internal.reflect.NativeMethodAccessorImpl.invoke0(Native Method)
at java.base/jdk.internal.reflect.NativeMethodAccessorImpl.invoke(NativeMethodAccessorImpl.java:77)
at java.base/jdk.internal.reflect.DelegatingMethodAccessorImpl.invoke(DelegatingMethodAccessorImpl.java:43)
at java.base/java.lang.reflect.Method.invoke(Method.java:568)
at org.testng.internal.MethodInvocationHelper.invokeMethod(MethodInvocationHelper.java:133)
at org.testng.internal.TestInvoker.invokeMethod(TestInvoker.java:598)
at org.testng.internal.TestInvoker.invokeTestMethod(TestInvoker.java:173)
at org.testng.internal.MethodRunner.runInSequence(MethodRunner.java:46)
at org.testng.internal.TestInvoker$MethodInvocationAgent.invoke(TestInvoker.java:824)
at org.testng.internal.TestInvoker.invokeTestMethods(TestInvoker.java:146)
at org.testng.internal.TestMethodWorker.invokeTestMethods(TestMethodWorker.java:146)
at org.testng.internal.TestMethodWorker.run(TestMethodWorker.java:128)
at java.base/java.util.ArrayList.forEach(ArrayList.java:1511)
at org.testng.TestRunner.privateRun(TestRunner.java:794)
at org.testng.TestRunner.run(TestRunner.java:596)
at org.testng.SuiteRunner.runTest(SuiteRunner.java:377)
at org.testng.SuiteRunner.runSequentially(SuiteRunner.java:371)
at org.testng.SuiteRunner.privateRun(SuiteRunner.java:332)
at org.testng.SuiteRunner.run(SuiteRunner.java:276)
at org.testng.SuiteRunnerWorker.runSuite(SuiteRunnerWorker.java:53)
at org.testng.SuiteRunnerWorker.run(SuiteRunnerWorker.java:96)
at org.testng.TestNG.runSuitesSequentially(TestNG.java:1212)
at org.testng.TestNG.runSuitesLocally(TestNG.java:1134)
at org.testng.TestNG.runSuites(TestNG.java:1063)
at org.testng.TestNG.run(TestNG.java:1031)
at org.testng.remote.AbstractRemoteTestNG.run(AbstractRemoteTestNG.java:115)
at org.testng.remote.RemoteTestNG.initAndRun(RemoteTestNG.java:251)
at org.testng.remote.RemoteTestNG.main(RemoteTestNG.java:77)
]]>
    </failure>
  </testcase> <!-- ChuyenXuLyTaiBuocLanhDaoBGD -->
  <system-out>
    <![CDATA[http://eoffice.petrolimex.com.vn/plxdb/vanban/SitePages/Workflow_XuLyQuyTrinhV2_Document.aspx?IID=5405&source=http://eoffice.petrolimex.com.vn/plxdb/vanban/default.aspx?page=1
http://eoffice.petrolimex.com.vn/plxdb/vanban/SitePages/Workflow_XuLyQuyTrinhV2_Document.aspx?IID=5405&source=http://eoffice.petrolimex.com.vn/plxdb/vanban/default.aspx?page=1
http://eoffice.petrolimex.com.vn/plxdb/vanban/SitePages/Workflow_XuLyQuyTrinhV2_Document.aspx?IID=5405&source=http://eoffice.petrolimex.com.vn/plxdb/vanban/default.aspx?page=1]]>
  </system-out>
</testsuite> <!-- testCaseVBKySo.TC12_ChuyenXuLyTaiBuocLanhDaoBGD -->
