<?xml version="1.0" encoding="UTF-8"?>
<!-- Generated by org.testng.reporters.JUnitReportReporter -->
<testsuite hostname="truyenltpc" failures="0" tests="1" name="testCaseVBKySo.TC24_YeuCauHieuChinhVaThayDoiKyThuaLenh" time="124.619" errors="0" timestamp="2021-10-09T14:01:07 ICT" skipped="0">
  <testcase classname="testCaseVBKySo.TC24_YeuCauHieuChinhVaThayDoiKyThuaLenh" name="VBDangLuuKhongDinhKem" time="124.619"/>
  <system-out>
    <![CDATA[http://eoffice.petrolimex.com.vn/plxhag/vanban/SitePages/Workflow_XuLyQuyTrinhV2_Document.aspx?IID=5458&source=http://eoffice.petrolimex.com.vn/plxhag/vanban/default.aspx?page=1
http://eoffice.petrolimex.com.vn/plxhag/vanban/SitePages/VanBanBanHanh/VanBanBanHanhEdit.aspx?IDVB=20653&source=http://eoffice.petrolimex.com.vn/plxhag/vanban/default.aspx?page=1]]>
  </system-out>
</testsuite> <!-- testCaseVBKySo.TC24_YeuCauHieuChinhVaThayDoiKyThuaLenh -->
