<?xml version="1.0" encoding="UTF-8"?>
<!-- Generated by org.testng.reporters.JUnitReportReporter -->
<testsuite hostname="truyenltpc" failures="0" tests="1" name="testCaseHoSoLuuTru.TC01_SuaHoSoLuuTru" time="57.392" errors="0" timestamp="2021-08-12T10:07:01 ICT" skipped="0">
  <testcase classname="testCaseHoSoLuuTru.TC01_SuaHoSoLuuTru" name="TaoHoSoLuuTru" time="57.392"/>
  <system-out/>
</testsuite> <!-- testCaseHoSoLuuTru.TC01_SuaHoSoLuuTru -->
