<?xml version="1.0" encoding="UTF-8"?>
<!-- Generated by org.testng.reporters.JUnitReportReporter -->
<testsuite hostname="truyenltpc" failures="0" tests="1" name="testCaseTGDXuLyVanBanDen.TC12_TGD_KetThucVB" time="110.138" errors="0" timestamp="2021-06-20T00:21:43 ICT" skipped="0">
  <testcase classname="testCaseTGDXuLyVanBanDen.TC12_TGD_KetThucVB" name="TGDKetThucVB" time="110.138"/>
  <system-out/>
</testsuite> <!-- testCaseTGDXuLyVanBanDen.TC12_TGD_KetThucVB -->
