<?xml version="1.0" encoding="UTF-8"?>
<!-- Generated by org.testng.reporters.JUnitReportReporter -->
<testsuite hostname="truyenltpc" failures="0" tests="1" name="testCaseHSTL.TC18_HoSoTaiLieuKhongKyMoc_YeuCauDieuChinh" time="364.246" errors="0" timestamp="2021-09-11T18:36:37 ICT" skipped="0">
  <testcase classname="testCaseHSTL.TC18_HoSoTaiLieuKhongKyMoc_YeuCauDieuChinh" name="HoSoTaiLieuKhongKyMoc_YeuCauDieuChinh" time="364.246"/>
  <system-out>
    <![CDATA[http://eoffice.petrolimex.com.vn/plxhy/vanban/SitePages/VanBanDi_Detail.aspx?IId=1631&SPId=168&ListID=9710b5f7-0241-4714-8041-0f596f9ae605]]>
  </system-out>
</testsuite> <!-- testCaseHSTL.TC18_HoSoTaiLieuKhongKyMoc_YeuCauDieuChinh -->
