<?xml version="1.0" encoding="UTF-8"?>
<!-- Generated by org.testng.reporters.JUnitReportReporter -->
<testsuite hostname="truyenltpc" failures="0" tests="1" name="banHanhVanBan.TC01VBDenQuaMangDangLuu" time="209.077" errors="0" timestamp="2021-03-04T14:17:58 ICT" skipped="0">
  <testcase classname="banHanhVanBan.TC01VBDenQuaMangDangLuu" name="VBDenQuaMangDangLuu" time="209.077"/>
  <system-out/>
</testsuite> <!-- banHanhVanBan.TC01VBDenQuaMangDangLuu -->
