<?xml version="1.0" encoding="UTF-8"?>
<!-- Generated by org.testng.reporters.JUnitReportReporter -->
<testsuite hostname="truyenltpc" failures="0" tests="1" name="testCaseNVXuLyVanBanDen.TC20_NV_NVHoanTatTask" time="124.285" errors="0" timestamp="2021-06-20T00:21:43 ICT" skipped="0">
  <testcase classname="testCaseNVXuLyVanBanDen.TC20_NV_NVHoanTatTask" name="NVKetThucTask" time="124.285"/>
  <system-out/>
</testsuite> <!-- testCaseNVXuLyVanBanDen.TC20_NV_NVHoanTatTask -->
