<?xml version="1.0" encoding="UTF-8"?>
<!-- Generated by org.testng.reporters.JUnitReportReporter -->
<testsuite hostname="truyenltpc" failures="0" tests="1" name="testCaseVBDenDangLuu.TC06_VBDen_ChuyenXuLy" time="33.457" errors="0" timestamp="2021-08-04T18:35:24 ICT" skipped="0">
  <testcase classname="testCaseVBDenDangLuu.TC06_VBDen_ChuyenXuLy" name="VBDenChuyenXuLy" time="33.457"/>
  <system-out/>
</testsuite> <!-- testCaseVBDenDangLuu.TC06_VBDen_ChuyenXuLy -->
