<?xml version="1.0" encoding="UTF-8"?>
<!-- Generated by org.testng.reporters.JUnitReportReporter -->
<testsuite hostname="truyenltpc" failures="0" tests="1" name="testCaseVBDen.TC04VBDangLuuChuyenXuLy" time="196.139" errors="0" timestamp="2021-03-04T15:22:28 ICT" skipped="0">
  <testcase classname="testCaseVBDen.TC04VBDangLuuChuyenXuLy" name="VBDangLuuChuyenXuLy" time="196.139"/>
  <system-out/>
</testsuite> <!-- testCaseVBDen.TC04VBDangLuuChuyenXuLy -->
