<?xml version="1.0" encoding="UTF-8"?>
<!-- Generated by org.testng.reporters.JUnitReportReporter -->
<testsuite hostname="truyenltpc" failures="0" tests="1" name="testCaseChuTichXuLyVanBanDen.TC09_ChuTich_PhanCongThucHien" time="53.280" errors="0" timestamp="2021-06-20T00:21:43 ICT" skipped="0">
  <testcase classname="testCaseChuTichXuLyVanBanDen.TC09_ChuTich_PhanCongThucHien" name="ChuTichPhanCongThucHien" time="53.280"/>
  <system-out/>
</testsuite> <!-- testCaseChuTichXuLyVanBanDen.TC09_ChuTich_PhanCongThucHien -->
