<?xml version="1.0" encoding="UTF-8"?>
<!-- Generated by org.testng.reporters.JUnitReportReporter -->
<testsuite hostname="truyenltpc" failures="0" tests="1" name="banHanhVBDonVi.TC01PhatHanhVB" time="121.194" errors="0" timestamp="2021-03-04T14:50:55 ICT" skipped="0">
  <testcase classname="banHanhVBDonVi.TC01PhatHanhVB" name="PhatHanhVanBan" time="121.194"/>
  <system-out/>
</testsuite> <!-- banHanhVBDonVi.TC01PhatHanhVB -->
