<?xml version="1.0" encoding="UTF-8"?>
<!-- Generated by org.testng.reporters.JUnitReportReporter -->
<testsuite hostname="truyenltpc" failures="0" tests="1" name="testCaseTPXuLyVanBanDen.TC06_Tp_ChonLaiNguoiXuLy" time="195.377" errors="0" timestamp="2021-08-11T16:30:07 ICT" skipped="0">
  <testcase classname="testCaseTPXuLyVanBanDen.TC06_Tp_ChonLaiNguoiXuLy" name="ChonLaiNguoiXuLy" time="195.377"/>
  <system-out>
https://daotaoeoffice.petrolimex.com.vn/plxtkdg/vanban/SitePages/VanBanDen/TaskVBDen.aspx?TID=35351&IDVB=5470&source=https://daotaoeoffice.petrolimex.com.vn/plxtkdg/vanban/default.aspx?page=1  </system-out>
</testsuite> <!-- testCaseTPXuLyVanBanDen.TC06_Tp_ChonLaiNguoiXuLy -->
