<?xml version="1.0" encoding="UTF-8"?>
<!-- Generated by org.testng.reporters.JUnitReportReporter -->
<testsuite hostname="truyenltpc" failures="0" tests="1" name="testCaseNVXuLyVanBanDen.TC19_Tp_NVCapNhatTask" time="209.598" errors="0" timestamp="2021-06-05T01:23:16 ICT" skipped="0">
  <testcase classname="testCaseNVXuLyVanBanDen.TC19_Tp_NVCapNhatTask" name="NVCapNhatTask" time="209.598"/>
  <system-out/>
</testsuite> <!-- testCaseNVXuLyVanBanDen.TC19_Tp_NVCapNhatTask -->
