<?xml version="1.0" encoding="UTF-8"?>
<!-- Generated by org.testng.reporters.JUnitReportReporter -->
<testsuite hostname="LAPTOPSSD18" failures="0" tests="1" name="testCaseTPXuLyVanBanDen.TC05_Tp_PhanCongVanBan" time="423.683" errors="0" timestamp="2022-06-24T12:03:35 ICT" skipped="0">
  <testcase classname="testCaseTPXuLyVanBanDen.TC05_Tp_PhanCongVanBan" name="PhanCongVanBan" time="423.683"/>
  <system-out>
    <![CDATA[https://daotaoeoffice.petrolimex.com.vn/plxkv1/vanban/SitePages/VanBanDen/TaskVBDen.aspx?TID=41538&IDVB=18827&source=https://daotaoeoffice.petrolimex.com.vn/plxkv1/vanban/default.aspx?page=1]]>
  </system-out>
</testsuite> <!-- testCaseTPXuLyVanBanDen.TC05_Tp_PhanCongVanBan -->
