<?xml version="1.0" encoding="UTF-8"?>
<!-- Generated by org.testng.reporters.JUnitReportReporter -->
<testsuite hostname="truyenltpc" failures="0" tests="1" name="TestCase.TC03_SendToLineManager" time="36.381" errors="0" timestamp="2021-02-20T16:59:16 ICT" skipped="0">
  <testcase classname="TestCase.TC03_SendToLineManager" name="SendToLineManager" time="36.381"/>
  <system-out/>
</testsuite> <!-- TestCase.TC03_SendToLineManager -->
