<?xml version="1.0" encoding="UTF-8"?>
<!-- Generated by org.testng.reporters.JUnitReportReporter -->
<testsuite hostname="truyenltpc" failures="0" tests="1" name="testCaseVBDenDangLuu.TC04_VBDangLuu_ChuyenXuLy" time="61.352" errors="0" timestamp="2021-08-04T18:23:10 ICT" skipped="0">
  <testcase classname="testCaseVBDenDangLuu.TC04_VBDangLuu_ChuyenXuLy" name="VBDangLuuChuyenXuLy" time="61.352"/>
  <system-out/>
</testsuite> <!-- testCaseVBDenDangLuu.TC04_VBDangLuu_ChuyenXuLy -->
