<?xml version="1.0" encoding="UTF-8"?>
<!-- Generated by org.testng.reporters.JUnitReportReporter -->
<testsuite hostname="truyenltpc" failures="0" tests="1" name="testCaseVBKySo.TC18_FileWord_Validate_Key_KySo" time="188.588" errors="0" timestamp="2021-08-21T21:47:33 ICT" skipped="0">
  <testcase classname="testCaseVBKySo.TC18_FileWord_Validate_Key_KySo" name="VBDangLuuKhongDinhKem" time="188.588"/>
  <system-out>
http://eoffice.petrolimex.com.vn/plxvp/vanban/SitePages/VanBanDi_Detail.aspx?IId=535  </system-out>
</testsuite> <!-- testCaseVBKySo.TC18_FileWord_Validate_Key_KySo -->
