<?xml version="1.0" encoding="UTF-8"?>
<!-- Generated by org.testng.reporters.JUnitReportReporter -->
<testsuite hostname="truyenltpc" failures="0" tests="1" name="testCaseVBDenDangLuu.TC08_VBDen_VanThuKetThucVB" time="36.781" errors="0" timestamp="2021-08-04T18:41:33 ICT" skipped="0">
  <testcase classname="testCaseVBDenDangLuu.TC08_VBDen_VanThuKetThucVB" name="VBDangLuuCoDinhKem" time="36.781"/>
  <system-out/>
</testsuite> <!-- testCaseVBDenDangLuu.TC08_VBDen_VanThuKetThucVB -->
