<?xml version="1.0" encoding="UTF-8"?>
<!-- Generated by org.testng.reporters.JUnitReportReporter -->
<testsuite hostname="truyenltpc" failures="0" tests="1" name="TestCase.TC01_SaveDraft" time="32.165" errors="0" timestamp="2021-02-20T01:28:13 ICT" skipped="0">
  <testcase classname="TestCase.TC01_SaveDraft" name="SaveDraft" time="32.165"/>
  <system-out/>
</testsuite> <!-- TestCase.TC01_SaveDraft -->
