<?xml version="1.0" encoding="UTF-8"?>
<!-- Generated by org.testng.reporters.JUnitReportReporter -->
<testsuite hostname="truyenltpc" failures="0" tests="1" name="testCaseTPXuLyVanBanDen.TC16_Tp_KetThucTask" time="94.721" errors="0" timestamp="2021-06-20T00:21:43 ICT" skipped="0">
  <testcase classname="testCaseTPXuLyVanBanDen.TC16_Tp_KetThucTask" name="TPKetThucTask" time="94.721"/>
  <system-out/>
</testsuite> <!-- testCaseTPXuLyVanBanDen.TC16_Tp_KetThucTask -->
