<?xml version="1.0" encoding="UTF-8"?>
<!-- Generated by org.testng.reporters.JUnitReportReporter -->
<testsuite hostname="truyenltpc" failures="0" tests="1" name="testCaseHoSoLuuTru.TC01_TaoHoSoLuuTru" time="140.780" errors="0" timestamp="2021-08-12T10:21:18 ICT" skipped="0">
  <testcase classname="testCaseHoSoLuuTru.TC01_TaoHoSoLuuTru" name="TaoHoSoLuuTru" time="140.780"/>
  <system-out/>
</testsuite> <!-- testCaseHoSoLuuTru.TC01_TaoHoSoLuuTru -->
