<?xml version="1.0" encoding="UTF-8"?>
<!-- Generated by org.testng.reporters.JUnitReportReporter -->
<testsuite hostname="truyenltpc" failures="0" tests="1" name="testCaseVBDen.TC05TGD_KetThucVB" time="57.157" errors="0" timestamp="2021-04-16T13:07:25 ICT" skipped="0">
  <testcase classname="testCaseVBDen.TC05TGD_KetThucVB" name="ChuTich_KetThucVB" time="57.157"/>
  <system-out/>
</testsuite> <!-- testCaseVBDen.TC05TGD_KetThucVB -->
