<?xml version="1.0" encoding="UTF-8"?>
<!-- Generated by org.testng.reporters.JUnitReportReporter -->
<testsuite hostname="truyenltpc" failures="0" tests="1" name="testCaseVBDen.TC05TGD_PhanCong" time="35.017" errors="0" timestamp="2021-04-16T13:25:10 ICT" skipped="0">
  <testcase classname="testCaseVBDen.TC05TGD_PhanCong" name="TGD_PhanCong" time="35.017"/>
  <system-out/>
</testsuite> <!-- testCaseVBDen.TC05TGD_PhanCong -->
