<?xml version="1.0" encoding="UTF-8"?>
<!-- Generated by org.testng.reporters.JUnitReportReporter -->
<testsuite hostname="truyenltpc" failures="0" tests="1" name="testCaseVBDenDangLuu.TC07_VBDen_LapPhieuGiaiQuyet" time="47.049" errors="0" timestamp="2021-08-04T18:36:40 ICT" skipped="0">
  <testcase classname="testCaseVBDenDangLuu.TC07_VBDen_LapPhieuGiaiQuyet" name="VBDenLapPhieuGiaiQuyet" time="47.049"/>
  <system-out/>
</testsuite> <!-- testCaseVBDenDangLuu.TC07_VBDen_LapPhieuGiaiQuyet -->
