<?xml version="1.0" encoding="UTF-8"?>
<!-- Generated by org.testng.reporters.JUnitReportReporter -->
<testsuite hostname="truyenltpc" failures="0" tests="1" name="testCaseChuTichXuLyVanBanDen.TestVanBanDen" time="56.942" errors="0" timestamp="2021-06-02T22:27:53 ICT" skipped="0">
  <testcase classname="testCaseChuTichXuLyVanBanDen.TestVanBanDen" name="VBDangLuuKhongDinhKem" time="56.942"/>
  <system-out/>
</testsuite> <!-- testCaseChuTichXuLyVanBanDen.TestVanBanDen -->
