<?xml version="1.0" encoding="UTF-8"?>
<!-- Generated by org.testng.reporters.JUnitReportReporter -->
<testsuite hostname="truyenltpc" failures="0" tests="1" name="testCaseTGDXuLyVanBanDen.TC15_TGD_TrinhLanhDao" time="104.332" errors="0" timestamp="2021-06-21T09:02:10 ICT" skipped="0">
  <testcase classname="testCaseTGDXuLyVanBanDen.TC15_TGD_TrinhLanhDao" name="TGDTrinhLanhDao" time="104.332"/>
  <system-out/>
</testsuite> <!-- testCaseTGDXuLyVanBanDen.TC15_TGD_TrinhLanhDao -->
