<?xml version="1.0" encoding="UTF-8"?>
<!-- Generated by org.testng.reporters.JUnitReportReporter -->
<testsuite hostname="truyenltpc" failures="0" tests="1" name="TestCase.TC08DirectorRequestInfor" time="78.055" errors="0" timestamp="2021-04-10T07:22:06 ICT" skipped="0">
  <testcase classname="TestCase.TC08DirectorRequestInfor" name="DirectorRequestInfor" time="78.055"/>
  <system-out/>
</testsuite> <!-- TestCase.TC08DirectorRequestInfor -->
