<?xml version="1.0" encoding="UTF-8"?>
<!-- Generated by org.testng.reporters.JUnitReportReporter -->
<testsuite hostname="LAPTOP-DGDCJGPO" failures="0" tests="1" name="testCaseHSTL.TC06_HoSoTaiLieuKhac" time="184.840" errors="0" timestamp="2021-10-30T19:10:10 ICT" skipped="0">
  <testcase classname="testCaseHSTL.TC06_HoSoTaiLieuKhac" name="HoSoTaiLieuKhac" time="184.840"/>
  <system-out>
    <![CDATA[http://eoffice.petrolimex.com.vn/plxhlc/vanban/SitePages/VanBanDi_Detail.aspx?IId=5030&SPId=54&ListID=9710b5f7-0241-4714-8041-0f596f9ae605]]>
  </system-out>
</testsuite> <!-- testCaseHSTL.TC06_HoSoTaiLieuKhac -->
