<?xml version="1.0" encoding="UTF-8"?>
<!-- Generated by org.testng.reporters.JUnitReportReporter -->
<testsuite hostname="truyenltpc" failures="0" tests="1" name="testCaseNVXuLyVanBanDen.TC03_NV_NVLapHoSoDuThao" time="420.249" errors="0" timestamp="2021-08-11T17:20:02 ICT" skipped="0">
  <testcase classname="testCaseNVXuLyVanBanDen.TC03_NV_NVLapHoSoDuThao" name="NVLapHoSoDuThao" time="420.249"/>
  <system-out>
https://daotaoeoffice.petrolimex.com.vn/plxtkdg/vanban/SitePages/VanBanDen/VanBanDenEdit.aspx?IDVB=5479&source=https://daotaoeoffice.petrolimex.com.vn/plxtkdg/vanban/default.aspx?page=1  </system-out>
</testsuite> <!-- testCaseNVXuLyVanBanDen.TC03_NV_NVLapHoSoDuThao -->
