<?xml version="1.0" encoding="UTF-8"?>
<!-- Generated by org.testng.reporters.JUnitReportReporter -->
<testsuite hostname="truyenltpc" failures="0" tests="1" name="testFunction.TC01_TaoHoSoLuuTru" time="132.175" errors="0" timestamp="2021-07-24T11:49:22 ICT" skipped="0">
  <testcase classname="testFunction.TC01_TaoHoSoLuuTru" name="TaoHoSoLuuTru" time="132.175"/>
  <system-out/>
</testsuite> <!-- testFunction.TC01_TaoHoSoLuuTru -->
