<?xml version="1.0" encoding="UTF-8"?>
<!-- Generated by org.testng.reporters.JUnitReportReporter -->
<testsuite hostname="truyenltpc" failures="0" tests="1" name="testCaseTGDXuLyVanBanDen.TC11_TGD_ChuyenXyLy" time="95.277" errors="0" timestamp="2021-06-20T00:21:43 ICT" skipped="0">
  <testcase classname="testCaseTGDXuLyVanBanDen.TC11_TGD_ChuyenXyLy" name="TGDChuyenXuLy" time="95.277"/>
  <system-out/>
</testsuite> <!-- testCaseTGDXuLyVanBanDen.TC11_TGD_ChuyenXyLy -->
