<?xml version="1.0" encoding="UTF-8"?>
<!-- Generated by org.testng.reporters.JUnitReportReporter -->
<testsuite hostname="truyenltpc" failures="1" tests="1" name="testCaseTPXuLyVanBanDen.TC21_TP_PhanCongLaiVanBan" time="235.330" errors="0" timestamp="2021-06-20T00:35:31 ICT" skipped="0">
  <testcase classname="testCaseTPXuLyVanBanDen.TC21_TP_PhanCongLaiVanBan" name="TPPhanCongLaiVB" time="235.330">
    <failure message="expected [Thực hiện VB đến số &quot;TC 20 - Tp Phân công lại VB được tạo lúc: 20-06-2021 00:28:38&quot;] but found [Thực hiện VB đến số &quot;TC 23 - Nhân viên- Phân công tiếp 19-06-2021 23:33:18&quot;]" type="java.lang.AssertionError">
      <![CDATA[java.lang.AssertionError: expected [Thực hiện VB đến số "TC 20 - Tp Phân công lại VB được tạo lúc: 20-06-2021 00:28:38"] but found [Thực hiện VB đến số "TC 23 - Nhân viên- Phân công tiếp 19-06-2021 23:33:18"]
at org.testng.Assert.fail(Assert.java:99)
at org.testng.Assert.failNotEquals(Assert.java:1037)
at org.testng.Assert.assertEqualsImpl(Assert.java:140)
at org.testng.Assert.assertEquals(Assert.java:122)
at org.testng.Assert.assertEquals(Assert.java:629)
at org.testng.Assert.assertEquals(Assert.java:639)
at pages.DanhSachViecCanXuLy.ValidateTaskXuLyVBDen(DanhSachViecCanXuLy.java:78)
at testCaseTPXuLyVanBanDen.TC21_TP_PhanCongLaiVanBan.TPPhanCongLaiVB(TC21_TP_PhanCongLaiVanBan.java:162)
at java.base/jdk.internal.reflect.NativeMethodAccessorImpl.invoke0(Native Method)
at java.base/jdk.internal.reflect.NativeMethodAccessorImpl.invoke(NativeMethodAccessorImpl.java:62)
at java.base/jdk.internal.reflect.DelegatingMethodAccessorImpl.invoke(DelegatingMethodAccessorImpl.java:43)
at java.base/java.lang.reflect.Method.invoke(Method.java:564)
at org.testng.internal.MethodInvocationHelper.invokeMethod(MethodInvocationHelper.java:132)
at org.testng.internal.TestInvoker.invokeMethod(TestInvoker.java:599)
at org.testng.internal.TestInvoker.invokeTestMethod(TestInvoker.java:174)
at org.testng.internal.MethodRunner.runInSequence(MethodRunner.java:46)
at org.testng.internal.TestInvoker$MethodInvocationAgent.invoke(TestInvoker.java:822)
at org.testng.internal.TestInvoker.invokeTestMethods(TestInvoker.java:147)
at org.testng.internal.TestMethodWorker.invokeTestMethods(TestMethodWorker.java:146)
at org.testng.internal.TestMethodWorker.run(TestMethodWorker.java:128)
at java.base/java.util.ArrayList.forEach(ArrayList.java:1511)
at org.testng.TestRunner.privateRun(TestRunner.java:764)
at org.testng.TestRunner.run(TestRunner.java:585)
at org.testng.SuiteRunner.runTest(SuiteRunner.java:384)
at org.testng.SuiteRunner.runSequentially(SuiteRunner.java:378)
at org.testng.SuiteRunner.privateRun(SuiteRunner.java:337)
at org.testng.SuiteRunner.run(SuiteRunner.java:286)
at org.testng.SuiteRunnerWorker.runSuite(SuiteRunnerWorker.java:53)
at org.testng.SuiteRunnerWorker.run(SuiteRunnerWorker.java:96)
at org.testng.TestNG.runSuitesSequentially(TestNG.java:1218)
at org.testng.TestNG.runSuitesLocally(TestNG.java:1140)
at org.testng.TestNG.runSuites(TestNG.java:1069)
at org.testng.TestNG.run(TestNG.java:1037)
at org.testng.remote.AbstractRemoteTestNG.run(AbstractRemoteTestNG.java:115)
at org.testng.remote.RemoteTestNG.initAndRun(RemoteTestNG.java:251)
at org.testng.remote.RemoteTestNG.main(RemoteTestNG.java:77)
]]>
    </failure>
  </testcase> <!-- TPPhanCongLaiVB -->
  <system-out/>
</testsuite> <!-- testCaseTPXuLyVanBanDen.TC21_TP_PhanCongLaiVanBan -->
