<?xml version="1.0" encoding="UTF-8"?>
<!-- Generated by org.testng.reporters.JUnitReportReporter -->
<testsuite hostname="truyenltpc" failures="0" tests="1" name="TestCase.TC01SaveDraftFromNewForm" time="76.037" errors="0" timestamp="2021-04-07T22:08:50 ICT" skipped="0">
  <testcase classname="TestCase.TC01SaveDraftFromNewForm" name="SaveDraftFromNewForm" time="76.037"/>
  <system-out/>
</testsuite> <!-- TestCase.TC01SaveDraftFromNewForm -->
