<?xml version="1.0" encoding="UTF-8"?>
<!-- Generated by org.testng.reporters.JUnitReportReporter -->
<testsuite hostname="truyenltpc" failures="0" tests="1" name="testCaseNVXuLyVanBanDen.TC01_NV_NVHoanTatTask" time="181.557" errors="0" timestamp="2021-06-24T08:50:02 ICT" skipped="0">
  <testcase classname="testCaseNVXuLyVanBanDen.TC01_NV_NVHoanTatTask" name="NVCapNhatTask" time="181.557"/>
  <system-out/>
</testsuite> <!-- testCaseNVXuLyVanBanDen.TC01_NV_NVHoanTatTask -->
