<?xml version="1.0" encoding="UTF-8"?>
<!-- Generated by org.testng.reporters.JUnitReportReporter -->
<testsuite hostname="truyenltpc" failures="0" tests="1" name="testCaseVBKySo.TC06_FileWord_KyNhayVaKyChinhOBuocCuoiCung" time="216.043" errors="0" timestamp="2021-07-22T00:25:25 ICT" skipped="0">
  <testcase classname="testCaseVBKySo.TC06_FileWord_KyNhayVaKyChinhOBuocCuoiCung" name="VBDangLuuKhongDinhKem" time="216.043"/>
  <system-out/>
</testsuite> <!-- testCaseVBKySo.TC06_FileWord_KyNhayVaKyChinhOBuocCuoiCung -->
