<?xml version="1.0" encoding="UTF-8"?>
<!-- Generated by org.testng.reporters.JUnitReportReporter -->
<testsuite hostname="truyenltpc" failures="0" tests="1" name="testCaseVBDen.TC05ChuTich_TrinhLanhDaoTIepTheo" time="61.215" errors="0" timestamp="2021-04-16T02:18:49 ICT" skipped="0">
  <testcase classname="testCaseVBDen.TC05ChuTich_TrinhLanhDaoTIepTheo" name="ChuTich_KetThucVB" time="61.215"/>
  <system-out/>
</testsuite> <!-- testCaseVBDen.TC05ChuTich_TrinhLanhDaoTIepTheo -->
