<?xml version="1.0" encoding="UTF-8"?>
<!-- Generated by org.testng.reporters.JUnitReportReporter -->
<testsuite hostname="truyenltpc" failures="0" tests="1" name="testCaseChuTichXuLyVanBanDen.TC08_ChuTichChiaSeVB" time="98.876" errors="0" timestamp="2021-06-20T00:21:43 ICT" skipped="0">
  <testcase classname="testCaseChuTichXuLyVanBanDen.TC08_ChuTichChiaSeVB" name="ChuTichKetThucVB" time="98.876"/>
  <system-out/>
</testsuite> <!-- testCaseChuTichXuLyVanBanDen.TC08_ChuTichChiaSeVB -->
