<?xml version="1.0" encoding="UTF-8"?>
<!-- Generated by org.testng.reporters.JUnitReportReporter -->
<testsuite hostname="truyenltpc" failures="0" tests="1" name="testCaseChuTichXuLyVanBanDen.TC04_ChuTich_PhanCongThucHien" time="67.556" errors="0" timestamp="2021-08-11T15:13:25 ICT" skipped="0">
  <testcase classname="testCaseChuTichXuLyVanBanDen.TC04_ChuTich_PhanCongThucHien" name="ChuTichPhanCongThucHien" time="67.556"/>
  <system-out>
https://daotaoeoffice.petrolimex.com.vn/plxtkdg/vanban/SitePages/VanBanDen/VanBanDenEdit.aspx?IDVB=5457&source=https://daotaoeoffice.petrolimex.com.vn/plxtkdg/vanban/default.aspx?page=1  </system-out>
</testsuite> <!-- testCaseChuTichXuLyVanBanDen.TC04_ChuTich_PhanCongThucHien -->
