<?xml version="1.0" encoding="UTF-8"?>
<!-- Generated by org.testng.reporters.JUnitReportReporter -->
<testsuite hostname="truyenltpc" failures="0" tests="1" name="testCaseVBDenVanThu.TC04_VBDangLuu_ChuyenXuLy" time="58.679" errors="0" timestamp="2021-08-11T14:43:08 ICT" skipped="0">
  <testcase classname="testCaseVBDenVanThu.TC04_VBDangLuu_ChuyenXuLy" name="VBDangLuuChuyenXuLy" time="58.679"/>
  <system-out>
https://daotaoeoffice.petrolimex.com.vn/plxtkdg/vanban/SitePages/VanBanDen/VanBanDenEdit.aspx?IDVB=5447&Source=%2fplxtkdg%2fvanban%2fsitepages%2fvanbanden%2fluu.aspx  </system-out>
</testsuite> <!-- testCaseVBDenVanThu.TC04_VBDangLuu_ChuyenXuLy -->
