<?xml version="1.0" encoding="UTF-8"?>
<!-- Generated by org.testng.reporters.JUnitReportReporter -->
<testsuite hostname="truyenltpc" failures="0" tests="1" name="testCaseVBKySo.TC22_YeuCauHieuChinhVaThayDoiNguoiDuyet" time="165.817" errors="0" timestamp="2021-08-06T15:15:37 ICT" skipped="0">
  <testcase classname="testCaseVBKySo.TC22_YeuCauHieuChinhVaThayDoiNguoiDuyet" name="VBDangLuuKhongDinhKem" time="165.817"/>
  <system-out>
https://daotaoeoffice.petrolimex.com.vn/plxtkdg/vanban/SitePages/Workflow_XuLyQuyTrinhV2_Document.aspx?IID=640&source=https://daotaoeoffice.petrolimex.com.vn/plxtkdg/vanban/default.aspx?page=1 https://daotaoeoffice.petrolimex.com.vn/plxtkdg/vanban/SitePages/Workflow_XuLyQuyTrinhV2_Document.aspx?IID=640&source=https://daotaoeoffice.petrolimex.com.vn/plxtkdg/vanban/default.aspx?page=1  </system-out>
</testsuite> <!-- testCaseVBKySo.TC22_YeuCauHieuChinhVaThayDoiNguoiDuyet -->
