<?xml version="1.0" encoding="UTF-8"?>
<!-- Generated by org.testng.reporters.JUnitReportReporter -->
<testsuite hostname="truyenltpc" failures="0" tests="1" name="testCaseHSTL.TC24_HoSoTaiLieuKhongKyMoc_2BuocPheDuyetGiongNhau" time="162.533" errors="0" timestamp="2021-08-20T22:07:27 ICT" skipped="0">
  <testcase classname="testCaseHSTL.TC24_HoSoTaiLieuKhongKyMoc_2BuocPheDuyetGiongNhau" name="HoSoTaiLieuKhongKyMoc2_KeyUser" time="162.533"/>
  <system-out>
https://daotaoeoffice.petrolimex.com.vn/plxtkdg/vanban/SitePages/VanBanDi_Detail.aspx?IId=1129&SPId=1872&ListID=9710b5f7-0241-4714-8041-0f596f9ae605  </system-out>
</testsuite> <!-- testCaseHSTL.TC24_HoSoTaiLieuKhongKyMoc_2BuocPheDuyetGiongNhau -->
