<?xml version="1.0" encoding="UTF-8"?>
<!-- Generated by org.testng.reporters.JUnitReportReporter -->
<testsuite hostname="truyenltpc" failures="0" tests="1" name="TestCase.TC01SaveDraft" time="45.422" errors="0" timestamp="2021-04-10T07:31:55 ICT" skipped="0">
  <testcase classname="TestCase.TC01SaveDraft" name="SaveDraftDocumentSetUploadFile" time="45.422"/>
  <system-out/>
</testsuite> <!-- TestCase.TC01SaveDraft -->
