<?xml version="1.0" encoding="UTF-8"?>
<!-- Generated by org.testng.reporters.JUnitReportReporter -->
<testsuite hostname="truyenltpc" failures="0" tests="1" name="testCaseVBDenDangLuu.TC01_VBDangLuuKhongDinhKem" time="36.891" errors="0" timestamp="2021-08-04T18:12:59 ICT" skipped="0">
  <testcase classname="testCaseVBDenDangLuu.TC01_VBDangLuuKhongDinhKem" name="VBDangLuuKhongDinhKem" time="36.891"/>
  <system-out/>
</testsuite> <!-- testCaseVBDenDangLuu.TC01_VBDangLuuKhongDinhKem -->
