<?xml version="1.0" encoding="UTF-8"?>
<!-- Generated by org.testng.reporters.JUnitReportReporter -->
<testsuite hostname="truyenltpc" failures="0" tests="1" name="TestCase.TC07DirectorReturn" time="73.412" errors="0" timestamp="2021-04-10T07:24:38 ICT" skipped="0">
  <testcase classname="TestCase.TC07DirectorReturn" name="DirectorReturn" time="73.412"/>
  <system-out/>
</testsuite> <!-- TestCase.TC07DirectorReturn -->
