<?xml version="1.0" encoding="UTF-8"?>
<!-- Generated by org.testng.reporters.JUnitReportReporter -->
<testsuite hostname="LAPTOPSSD18" failures="0" tests="1" name="testCaseVBKySo.TC04_FileWord_KySoFileWord" time="83.345" errors="0" timestamp="2022-06-29T11:52:05 ICT" skipped="0">
  <testcase classname="testCaseVBKySo.TC04_FileWord_KySoFileWord" name="VBDangLuuKhongDinhKem" time="83.345"/>
  <system-out/>
</testsuite> <!-- testCaseVBKySo.TC04_FileWord_KySoFileWord -->
