<?xml version="1.0" encoding="UTF-8"?>
<!-- Generated by org.testng.reporters.JUnitReportReporter -->
<testsuite hostname="truyenltpc" failures="0" tests="1" name="banHanhVanBan.TC01PhatHanhVanBan" time="86.457" errors="0" timestamp="2021-03-04T12:56:42 ICT" skipped="0">
  <testcase classname="banHanhVanBan.TC01PhatHanhVanBan" name="PhatHanhVanBan" time="86.457"/>
  <system-out/>
</testsuite> <!-- banHanhVanBan.TC01PhatHanhVanBan -->
