<?xml version="1.0" encoding="UTF-8"?>
<!-- Generated by org.testng.reporters.JUnitReportReporter -->
<testsuite hostname="LAPTOP-DGDCJGPO" failures="0" tests="1" name="testCaseVBKySo.TC23_YeuCauHieuChinhVaThayDoiNguoiDuyet" time="288.453" errors="0" timestamp="2021-10-30T21:00:46 ICT" skipped="0">
  <testcase classname="testCaseVBKySo.TC23_YeuCauHieuChinhVaThayDoiNguoiDuyet" name="VBDangLuuKhongDinhKem" time="288.453"/>
  <system-out>
    <![CDATA[http://eoffice.petrolimex.com.vn/plxhlc/vanban/SitePages/Workflow_XuLyQuyTrinhV2_Document.aspx?IID=5042&source=http://eoffice.petrolimex.com.vn/plxhlc/vanban/default.aspx?page=1
http://eoffice.petrolimex.com.vn/plxhlc/vanban/SitePages/Workflow_XuLyQuyTrinhV2_Document.aspx?IID=5042&source=http://eoffice.petrolimex.com.vn/plxhlc/vanban/default.aspx?page=1
http://eoffice.petrolimex.com.vn/plxhlc/vanban/SitePages/Workflow_XuLyQuyTrinhV2_Document.aspx?IID=5042&source=http://eoffice.petrolimex.com.vn/plxhlc/vanban/default.aspx?page=1
http://eoffice.petrolimex.com.vn/plxhlc/vanban/SitePages/VanBanBanHanh/VanBanBanHanhEdit.aspx?IDVB=23868&source=http://eoffice.petrolimex.com.vn/plxhlc/vanban/default.aspx?page=1]]>
  </system-out>
</testsuite> <!-- testCaseVBKySo.TC23_YeuCauHieuChinhVaThayDoiNguoiDuyet -->
