<?xml version="1.0" encoding="UTF-8"?>
<!-- Generated by org.testng.reporters.JUnitReportReporter -->
<testsuite hostname="truyenltpc" failures="0" tests="1" name="banHanhVanBan.TC04VBDenQuaMangChuyenTruongPhong" time="160.134" errors="0" timestamp="2021-03-04T14:37:23 ICT" skipped="0">
  <testcase classname="banHanhVanBan.TC04VBDenQuaMangChuyenTruongPhong" name="VBDenQuaMangTrinhTGD" time="160.134"/>
  <system-out/>
</testsuite> <!-- banHanhVanBan.TC04VBDenQuaMangChuyenTruongPhong -->
