<?xml version="1.0" encoding="UTF-8"?>
<!-- Generated by org.testng.reporters.JUnitReportReporter -->
<testsuite hostname="truyenltpc" failures="0" tests="1" name="testCaseHSTL.TC12_HoSoTaiLieuKyMoc_KeySTTvaUser" time="284.080" errors="0" timestamp="2021-09-11T18:20:22 ICT" skipped="0">
  <testcase classname="testCaseHSTL.TC12_HoSoTaiLieuKyMoc_KeySTTvaUser" name="HoSoTaiLieuKyMoc_KeySTTvaUser" time="284.080"/>
  <system-out>
    <![CDATA[http://eoffice.petrolimex.com.vn/plxhy/vanban/SitePages/VanBanDi_Detail.aspx?IId=1628&SPId=141&ListID=9710b5f7-0241-4714-8041-0f596f9ae605]]>
  </system-out>
</testsuite> <!-- testCaseHSTL.TC12_HoSoTaiLieuKyMoc_KeySTTvaUser -->
