<?xml version="1.0" encoding="UTF-8"?>
<!-- Generated by org.testng.reporters.JUnitReportReporter -->
<testsuite hostname="LAPTOPSSD18" failures="0" tests="1" name="testCaseTGDXuLyVanBanDen.TC05_TGD_TrinhLanhDao" time="94.178" errors="0" timestamp="2022-06-24T11:14:26 ICT" skipped="0">
  <testcase classname="testCaseTGDXuLyVanBanDen.TC05_TGD_TrinhLanhDao" name="TGDTrinhLanhDao" time="94.178"/>
  <system-out>
    <![CDATA[https://daotaoeoffice.petrolimex.com.vn/plxkv1/vanban/SitePages/VanBanDen/VanBanDenEdit.aspx?IDVB=18824&source=https://daotaoeoffice.petrolimex.com.vn/plxkv1/vanban/default.aspx?page=1]]>
  </system-out>
</testsuite> <!-- testCaseTGDXuLyVanBanDen.TC05_TGD_TrinhLanhDao -->
