<?xml version="1.0" encoding="UTF-8"?>
<!-- Generated by org.testng.reporters.JUnitReportReporter -->
<testsuite hostname="truyenltpc" failures="0" tests="1" name="checkWebpart.checkfn" time="23.604" errors="0" timestamp="2021-08-27T07:00:55 ICT" skipped="0">
  <testcase classname="checkWebpart.checkfn" name="CauHinh1" time="23.604"/>
  <system-out>
<a href=https://daotaoeoffice.petrolimex.com.vn/plxtkdg/SignatureImage/Forms/Thumbnails.aspx target=_blank>https://daotaoeoffice.petrolimex.com.vn/plxtkdg/SignatureImage/Forms/Thumbnails.aspx</a>  </system-out>
</testsuite> <!-- checkWebpart.checkfn -->
