<?xml version="1.0" encoding="UTF-8"?>
<!-- Generated by org.testng.reporters.JUnitReportReporter -->
<testsuite hostname="truyenltpc" failures="0" tests="1" name="testCaseVBBanHanh.TC07_LapPhieuGiaiQuyetVBDaPhatHanh_PhanCongThucHien" time="117.722" errors="0" timestamp="2021-08-13T11:34:58 ICT" skipped="0">
  <testcase classname="testCaseVBBanHanh.TC07_LapPhieuGiaiQuyetVBDaPhatHanh_PhanCongThucHien" name="LapPhieuGiaiQuyetVBDaPhatHanh" time="117.722"/>
  <system-out>
https://daotaoeoffice.petrolimex.com.vn/plxtkdg/vanban/SitePages/VanBanBanHanh/VanBanBanHanhEdit.aspx?IDVB=5834&Source=%2fplxtkdg%2fvanban%2fsitepages%2fvanbanbanhanh%2fdabanhanh.aspx  </system-out>
</testsuite> <!-- testCaseVBBanHanh.TC07_LapPhieuGiaiQuyetVBDaPhatHanh_PhanCongThucHien -->
